[    0.000000] Initializing cgroup subsys cpuset
[    0.000000] Initializing cgroup subsys cpu
[    0.000000] Initializing cgroup subsys cpuacct
[    0.000000] Linux version 4.4.0-210-generic (buildd@lgw01-amd64-009) (gcc version 5.4.0 20160609 (Ubuntu 5.4.0-6ubuntu1~16.04.12) ) #242-Ubuntu SMP Fri Apr 16 09:57:56 UTC 2021 (Ubuntu 4.4.0-210.242-generic 4.4.262)
[    0.000000] Command line: BOOT_IMAGE=/boot/vmlinuz-4.4.0-210-generic root=UUID=ce38f626-b02a-496e-9acf-8cacdd6a07eb ro console=tty1 console=ttyS0
[    0.000000] KERNEL supported cpus:
[    0.000000]   Intel GenuineIntel
[    0.000000]   AMD AuthenticAMD
[    0.000000]   Centaur CentaurHauls
[    0.000000] x86/fpu: xstate_offset[2]:  576, xstate_sizes[2]:  256
[    0.000000] x86/fpu: Supporting XSAVE feature 0x01: 'x87 floating point registers'
[    0.000000] x86/fpu: Supporting XSAVE feature 0x02: 'SSE registers'
[    0.000000] x86/fpu: Supporting XSAVE feature 0x04: 'AVX registers'
[    0.000000] x86/fpu: Enabled xstate features 0x7, context size is 832 bytes, using 'standard' format.
[    0.000000] e820: BIOS-provided physical RAM map:
[    0.000000] BIOS-e820: [mem 0x0000000000000000-0x000000000009fbff] usable
[    0.000000] BIOS-e820: [mem 0x000000000009fc00-0x000000000009ffff] reserved
[    0.000000] BIOS-e820: [mem 0x00000000000f0000-0x00000000000fffff] reserved
[    0.000000] BIOS-e820: [mem 0x0000000000100000-0x000000003ffeffff] usable
[    0.000000] BIOS-e820: [mem 0x000000003fff0000-0x000000003fffffff] ACPI data
[    0.000000] BIOS-e820: [mem 0x00000000fec00000-0x00000000fec00fff] reserved
[    0.000000] BIOS-e820: [mem 0x00000000fee00000-0x00000000fee00fff] reserved
[    0.000000] BIOS-e820: [mem 0x00000000fffc0000-0x00000000ffffffff] reserved
[    0.000000] NX (Execute Disable) protection: active
[    0.000000] SMBIOS 2.5 present.
[    0.000000] Hypervisor detected: KVM
[    0.000000] e820: last_pfn = 0x3fff0 max_arch_pfn = 0x400000000
[    0.000000] MTRR: Disabled
[    0.000000] x86/PAT: MTRRs disabled, skipping PAT initialization too.
[    0.000000] CPU MTRRs all blank - virtualized system.
[    0.000000] x86/PAT: Configuration [0-7]: WB  WT  UC- UC  WB  WT  UC- UC  
[    0.000000] found SMP MP-table at [mem 0x0009fff0-0x0009ffff] mapped at [ffff88000009fff0]
[    0.000000] Scanning 1 areas for low memory corruption
[    0.000000] RAMDISK: [mem 0x362de000-0x37166fff]
[    0.000000] ACPI: Early table checksum verification disabled
[    0.000000] ACPI: RSDP 0x00000000000E0000 000024 (v02 VBOX  )
[    0.000000] ACPI: XSDT 0x000000003FFF0030 00003C (v01 VBOX   VBOXXSDT 00000001 ASL  00000061)
[    0.000000] ACPI: FACP 0x000000003FFF00F0 0000F4 (v04 VBOX   VBOXFACP 00000001 ASL  00000061)
[    0.000000] ACPI: DSDT 0x000000003FFF0470 002325 (v02 VBOX   VBOXBIOS 00000002 INTL 20190509)
[    0.000000] ACPI: FACS 0x000000003FFF0200 000040
[    0.000000] ACPI: FACS 0x000000003FFF0200 000040
[    0.000000] ACPI: APIC 0x000000003FFF0240 00005C (v02 VBOX   VBOXAPIC 00000001 ASL  00000061)
[    0.000000] ACPI: SSDT 0x000000003FFF02A0 0001CC (v01 VBOX   VBOXCPUT 00000002 INTL 20190509)
[    0.000000] No NUMA configuration found
[    0.000000] Faking a node at [mem 0x0000000000000000-0x000000003ffeffff]
[    0.000000] NODE_DATA(0) allocated [mem 0x3ffeb000-0x3ffeffff]
[    0.000000] kvm-clock: Using msrs 4b564d01 and 4b564d00
[    0.000000] kvm-clock: cpu 0, msr 0:3ffe3001, primary cpu clock
[    0.000000] kvm-clock: using sched offset of 3560285823 cycles
[    0.000000] clocksource: kvm-clock: mask: 0xffffffffffffffff max_cycles: 0x1cd42e4dffb, max_idle_ns: 881590591483 ns
[    0.000000] Zone ranges:
[    0.000000]   DMA      [mem 0x0000000000001000-0x0000000000ffffff]
[    0.000000]   DMA32    [mem 0x0000000001000000-0x000000003ffeffff]
[    0.000000]   Normal   empty
[    0.000000]   Device   empty
[    0.000000] Movable zone start for each node
[    0.000000] Early memory node ranges
[    0.000000]   node   0: [mem 0x0000000000001000-0x000000000009efff]
[    0.000000]   node   0: [mem 0x0000000000100000-0x000000003ffeffff]
[    0.000000] Initmem setup node 0 [mem 0x0000000000001000-0x000000003ffeffff]
[    0.000000] ACPI: PM-Timer IO Port: 0x4008
[    0.000000] IOAPIC[0]: apic_id 2, version 32, address 0xfec00000, GSI 0-23
[    0.000000] ACPI: INT_SRC_OVR (bus 0 bus_irq 0 global_irq 2 dfl dfl)
[    0.000000] ACPI: INT_SRC_OVR (bus 0 bus_irq 9 global_irq 9 low level)
[    0.000000] Using ACPI (MADT) for SMP configuration information
[    0.000000] smpboot: Allowing 2 CPUs, 0 hotplug CPUs
[    0.000000] PM: Registered nosave memory: [mem 0x00000000-0x00000fff]
[    0.000000] PM: Registered nosave memory: [mem 0x0009f000-0x0009ffff]
[    0.000000] PM: Registered nosave memory: [mem 0x000a0000-0x000effff]
[    0.000000] PM: Registered nosave memory: [mem 0x000f0000-0x000fffff]
[    0.000000] e820: [mem 0x40000000-0xfebfffff] available for PCI devices
[    0.000000] Booting paravirtualized kernel on KVM
[    0.000000] clocksource: refined-jiffies: mask: 0xffffffff max_cycles: 0xffffffff, max_idle_ns: 7645519600211568 ns
[    0.000000] setup_percpu: NR_CPUS:512 nr_cpumask_bits:512 nr_cpu_ids:2 nr_node_ids:1
[    0.000000] PERCPU: Embedded 33 pages/cpu @ffff88003fc00000 s95192 r8192 d31784 u1048576
[    0.000000] Built 1 zonelists in Node order, mobility grouping on.  Total pages: 257912
[    0.000000] Policy zone: DMA32
[    0.000000] Kernel command line: BOOT_IMAGE=/boot/vmlinuz-4.4.0-210-generic root=UUID=ce38f626-b02a-496e-9acf-8cacdd6a07eb ro console=tty1 console=ttyS0
[    0.000000] PID hash table entries: 4096 (order: 3, 32768 bytes)
[    0.000000] Memory: 997796K/1048120K available (8644K kernel code, 1332K rwdata, 4044K rodata, 1492K init, 1164K bss, 50324K reserved, 0K cma-reserved)
[    0.000000] SLUB: HWalign=64, Order=0-3, MinObjects=0, CPUs=2, Nodes=1
[    0.000000] Kernel/User page tables isolation: enabled
[    0.000000] Hierarchical RCU implementation.
[    0.000000] 	Build-time adjustment of leaf fanout to 64.
[    0.000000] 	RCU restricting CPUs from NR_CPUS=512 to nr_cpu_ids=2.
[    0.000000] RCU: Adjusting geometry for rcu_fanout_leaf=64, nr_cpu_ids=2
[    0.000000] NR_IRQS:33024 nr_irqs:440 16
[    0.000000] Console: colour VGA+ 80x25
[    0.000000] console [tty1] enabled
[    0.000000] console [ttyS0] enabled
[    0.000000] tsc: Detected 2294.786 MHz processor
[    0.350724] Calibrating delay loop (skipped) preset value.. 4589.57 BogoMIPS (lpj=9179144)
[    0.353778] pid_max: default: 32768 minimum: 301
[    0.355503] ACPI: Core revision 20150930
[    0.358003] ACPI: 2 ACPI AML tables successfully acquired and loaded
[    0.360358] Security Framework initialized
[    0.362090] Yama: becoming mindful.
[    0.363500] AppArmor: AppArmor initialized
[    0.365396] Dentry cache hash table entries: 131072 (order: 8, 1048576 bytes)
[    0.368877] Inode-cache hash table entries: 65536 (order: 7, 524288 bytes)
[    0.371483] Mount-cache hash table entries: 2048 (order: 2, 16384 bytes)
[    0.373872] Mountpoint-cache hash table entries: 2048 (order: 2, 16384 bytes)
[    0.376453] Initializing cgroup subsys io
[    0.378021] Initializing cgroup subsys memory
[    0.379628] Initializing cgroup subsys devices
[    0.381342] Initializing cgroup subsys freezer
[    0.382931] Initializing cgroup subsys net_cls
[    0.384571] Initializing cgroup subsys perf_event
[    0.386835] Initializing cgroup subsys net_prio
[    0.388458] Initializing cgroup subsys hugetlb
[    0.390087] Initializing cgroup subsys pids
[    0.392081] mce: CPU supports 0 MCE banks
[    0.393626] Last level iTLB entries: 4KB 512, 2MB 8, 4MB 8
[    0.395641] Last level dTLB entries: 4KB 512, 2MB 32, 4MB 32, 1GB 0
[    0.397971] Spectre V1 : Mitigation: usercopy/swapgs barriers and __user pointer sanitization
[    0.401123] Spectre V2 : Mitigation: Full generic retpoline
[    0.403048] Spectre V2 : Spectre v2 / SpectreRSB mitigation: Filling RSB on context switch
[    0.406361] Speculative Store Bypass: Vulnerable
[    0.408107] SRBDS: Unknown: Dependent on hypervisor status
[    0.410165] MDS: Mitigation: Clear CPU buffers
[    0.415168] Freeing SMP alternatives memory: 36K
[    0.424101] ftrace: allocating 32380 entries in 127 pages
[    0.499014] smpboot: APIC(0) Converting physical 0 to logical package 0
[    0.501399] smpboot: Max logical packages: 1
[    0.503207] x2apic enabled
[    0.504556] Switched APIC routing to physical x2apic.
[    0.507998] ..TIMER: vector=0x30 apic1=0 pin1=2 apic2=-1 pin2=-1
[    0.618547] APIC calibration not consistent with PM-Timer: 101ms instead of 100ms
[    0.621482] APIC delta adjusted to PM-Timer: 6250005 (6312741)
[    0.625539] smpboot: CPU0: Intel(R) Core(TM) i5-3427U CPU @ 1.80GHz (family: 0x6, model: 0x3a, stepping: 0x9)
[    0.629530] Performance Events: unsupported p6 CPU model 58 no PMU driver, software events only.
[    0.650312] KVM setup paravirtual spinlock
[    0.653185] x86: Booting SMP configuration:
[    0.654758] .... node  #0, CPUs:      #1
[    0.666490] kvm-clock: cpu 1, msr 0:3ffe3041, secondary cpu clock
[    0.672575] mce: CPU supports 0 MCE banks
[    0.683464] x86: Booted up 1 node, 2 CPUs
[    0.685219] smpboot: Total of 2 processors activated (9179.14 BogoMIPS)
[    0.688315] devtmpfs: initialized
[    0.691369] evm: security.selinux
[    0.692747] evm: security.SMACK64
[    0.694041] evm: security.SMACK64EXEC
[    0.695474] evm: security.SMACK64TRANSMUTE
[    0.696991] evm: security.SMACK64MMAP
[    0.698532] evm: security.ima
[    0.699765] evm: security.capability
[    0.702025] clocksource: jiffies: mask: 0xffffffff max_cycles: 0xffffffff, max_idle_ns: 7645041785100000 ns
[    0.705852] futex hash table entries: 512 (order: 3, 32768 bytes)
[    0.708699] pinctrl core: initialized pinctrl subsystem
[    0.710661] RTC time: 19:17:54, date: 05/27/21
[    0.712594] NET: Registered protocol family 16
[    0.726390] cpuidle: using governor ladder
[    0.738087] cpuidle: using governor menu
[    0.740171] PCCT header not found.
[    0.741539] ACPI: bus type PCI registered
[    0.743373] acpiphp: ACPI Hot Plug PCI Controller Driver version: 0.5
[    0.745792] PCI: Using configuration type 1 for base access
[    0.760027] ACPI: Added _OSI(Module Device)
[    0.761663] ACPI: Added _OSI(Processor Device)
[    0.763407] ACPI: Added _OSI(3.0 _SCP Extensions)
[    0.765178] ACPI: Added _OSI(Processor Aggregator Device)
[    0.767893] ACPI: Executed 1 blocks of module-level executable AML code
[    0.772537] ACPI: Interpreter enabled
[    0.773974] ACPI: (supports S0 S5)
[    0.775244] ACPI: Using IOAPIC for interrupt routing
[    0.777279] PCI: Using host bridge windows from ACPI; if necessary, use "pci=nocrs" and report a bug
[    0.784780] ACPI: PCI Root Bridge [PCI0] (domain 0000 [bus 00-ff])
[    0.786966] acpi PNP0A03:00: _OSC: OS supports [ASPM ClockPM Segments MSI]
[    0.789733] acpi PNP0A03:00: _OSC: not requesting OS control; OS requires [ExtendedConfig ASPM ClockPM MSI]
[    0.793262] acpi PNP0A03:00: fail to add MMCONFIG information, can't access extended PCI configuration space under this bridge.
[    0.798020] PCI host bridge to bus 0000:00
[    0.799525] pci_bus 0000:00: root bus resource [io  0x0000-0x0cf7 window]
[    0.801965] pci_bus 0000:00: root bus resource [io  0x0d00-0xffff window]
[    0.804326] pci_bus 0000:00: root bus resource [mem 0x000a0000-0x000bffff window]
[    0.807387] pci_bus 0000:00: root bus resource [mem 0x40000000-0xfdffffff window]
[    0.810225] pci_bus 0000:00: root bus resource [bus 00-ff]
[    0.824502] pci 0000:00:01.1: legacy IDE quirk: reg 0x10: [io  0x01f0-0x01f7]
[    0.826909] pci 0000:00:01.1: legacy IDE quirk: reg 0x14: [io  0x03f6]
[    0.829237] pci 0000:00:01.1: legacy IDE quirk: reg 0x18: [io  0x0170-0x0177]
[    0.831691] pci 0000:00:01.1: legacy IDE quirk: reg 0x1c: [io  0x0376]
[    0.852497] pci 0000:00:07.0: quirk: [io  0x4000-0x403f] claimed by PIIX4 ACPI
[    0.855338] pci 0000:00:07.0: quirk: [io  0x4100-0x410f] claimed by PIIX4 SMB
[    0.884823] ACPI: PCI Interrupt Link [LNKA] (IRQs 5 9 10 *11)
[    0.888188] ACPI: PCI Interrupt Link [LNKB] (IRQs 5 9 *10 11)
[    0.890737] ACPI: PCI Interrupt Link [LNKC] (IRQs 5 *9 10 11)
[    0.893332] ACPI: PCI Interrupt Link [LNKD] (IRQs 5 9 10 *11)
[    0.896125] ACPI: Enabled 2 GPEs in block 00 to 07
[    0.898272] vgaarb: setting as boot device: PCI:0000:00:02.0
[    0.900314] vgaarb: device added: PCI:0000:00:02.0,decodes=io+mem,owns=io+mem,locks=none
[    0.903210] vgaarb: loaded
[    0.904375] vgaarb: bridge control possible 0000:00:02.0
[    0.906771] SCSI subsystem initialized
[    0.908893] ACPI: bus type USB registered
[    0.910431] usbcore: registered new interface driver usbfs
[    0.912371] usbcore: registered new interface driver hub
[    0.914333] usbcore: registered new device driver usb
[    0.918010] PCI: Using ACPI for IRQ routing
[    0.919990] NetLabel: Initializing
[    0.921278] NetLabel:  domain hash size = 128
[    0.922915] NetLabel:  protocols = UNLABELED CIPSOv4
[    0.924813] NetLabel:  unlabeled traffic allowed by default
[    0.927004] amd_nb: Cannot enumerate AMD northbridges
[    0.936684] clocksource: Switched to clocksource kvm-clock
[    0.946411] AppArmor: AppArmor Filesystem Enabled
[    0.948219] pnp: PnP ACPI init
[    0.950623] pnp: PnP ACPI: found 3 devices
[    0.962358] clocksource: acpi_pm: mask: 0xffffff max_cycles: 0xffffff, max_idle_ns: 2085701024 ns
[    0.966558] NET: Registered protocol family 2
[    0.968967] TCP established hash table entries: 8192 (order: 4, 65536 bytes)
[    0.971361] TCP bind hash table entries: 8192 (order: 5, 131072 bytes)
[    0.973742] TCP: Hash tables configured (established 8192 bind 8192)
[    0.975978] UDP hash table entries: 512 (order: 2, 16384 bytes)
[    0.978075] UDP-Lite hash table entries: 512 (order: 2, 16384 bytes)
[    0.980290] NET: Registered protocol family 1
[    0.981904] pci 0000:00:00.0: Limiting direct PCI/PCI transfers
[    0.983988] pci 0000:00:01.0: Activating ISA DMA hang workarounds
[    0.986436] Unpacking initramfs...
[    1.251752] Freeing initrd memory: 14884K
[    1.254595] RAPL PMU detected, API unit is 2^-32 Joules, 3 fixed counters 10737418240 ms ovfl timer
[    1.258046] hw unit of domain pp0-core 2^-0 Joules
[    1.259767] hw unit of domain package 2^-0 Joules
[    1.261531] hw unit of domain pp1-gpu 2^-0 Joules
[    1.263312] clocksource: tsc: mask: 0xffffffffffffffff max_cycles: 0x2113f7e44a7, max_idle_ns: 440795281465 ns
[    1.268762] platform rtc_cmos: registered platform RTC device (no PNP device found)
[    1.276162] Scanning for low memory corruption every 60 seconds
[    1.283302] audit: initializing netlink subsys (disabled)
[    1.286400] audit: type=2000 audit(1622143079.299:1): initialized
[    1.292823] Initialise system trusted keyring
[    1.297653] HugeTLB registered 2 MB page size, pre-allocated 0 pages
[    1.305991] zbud: loaded
[    1.309235] VFS: Disk quotas dquot_6.6.0
[    1.311873] VFS: Dquot-cache hash table entries: 512 (order 0, 4096 bytes)
[    1.319369] squashfs: version 4.0 (2009/01/31) Phillip Lougher
[    1.324409] fuse init (API version 7.23)
[    1.326028] Key type big_key registered
[    1.327679] Allocating IMA MOK and blacklist keyrings.
[    1.340719] Key type asymmetric registered
[    1.343969] Asymmetric key parser 'x509' registered
[    1.376267] Block layer SCSI generic (bsg) driver version 0.4 loaded (major 249)
[    1.403580] io scheduler noop registered
[    1.412885] io scheduler deadline registered (default)
[    1.417378] io scheduler cfq registered
[    1.418968] pci_hotplug: PCI Hot Plug PCI Core version: 0.5
[    1.421084] pciehp: PCI Express Hot Plug Controller Driver version: 0.4
[    1.423476] ACPI: AC Adapter [AC] (off-line)
[    1.425146] input: Power Button as /devices/LNXSYSTM:00/LNXPWRBN:00/input/input0
[    1.435748] ACPI: Power Button [PWRF]
[    1.437545] input: Sleep Button as /devices/LNXSYSTM:00/LNXSLPBN:00/input/input1
[    1.441868] ACPI: Sleep Button [SLPF]
[    1.444757] ACPI: Battery Slot [BAT0] (battery present)
[    1.446676] GHES: HEST is not enabled!
[    1.448240] Serial: 8250/16550 driver, 32 ports, IRQ sharing enabled
[    1.471246] 00:02: ttyS0 at I/O 0x3f8 (irq = 4, base_baud = 115200) is a 16550A
[    1.475340] Linux agpgart interface v0.103
[    1.481110] loop: module loaded
[    1.483486] scsi host0: ata_piix
[    1.485252] scsi host1: ata_piix
[    1.486584] ata1: PATA max UDMA/33 cmd 0x1f0 ctl 0x3f6 bmdma 0xd000 irq 14
[    1.488988] ata2: PATA max UDMA/33 cmd 0x170 ctl 0x376 bmdma 0xd008 irq 15
[    1.492386] libphy: Fixed MDIO Bus: probed
[    1.494020] tun: Universal TUN/TAP device driver, 1.6
[    1.495813] tun: (C) 1999-2004 Max Krasnyansky <maxk@qualcomm.com>
[    1.498222] PPP generic driver version 2.4.2
[    1.499886] ehci_hcd: USB 2.0 'Enhanced' Host Controller (EHCI) Driver
[    1.502431] ehci-pci: EHCI PCI platform driver
[    1.504064] ehci-platform: EHCI generic platform driver
[    1.506186] ohci_hcd: USB 1.1 'Open' Host Controller (OHCI) Driver
[    1.508332] ohci-pci: OHCI PCI platform driver
[    1.510050] ohci-platform: OHCI generic platform driver
[    1.511856] uhci_hcd: USB Universal Host Controller Interface driver
[    1.514208] i8042: PNP: PS/2 Controller [PNP0303:PS2K,PNP0f03:PS2M] at 0x60,0x64 irq 1,12
[    1.518289] serio: i8042 KBD port at 0x60,0x64 irq 1
[    1.520028] serio: i8042 AUX port at 0x60,0x64 irq 12
[    1.522024] mousedev: PS/2 mouse device common for all mice
[    1.525185] rtc_cmos rtc_cmos: rtc core: registered rtc_cmos as rtc0
[    1.527373] rtc_cmos rtc_cmos: alarms up to one day, 114 bytes nvram
[    1.530740] i2c /dev entries driver
[    1.533557] device-mapper: uevent: version 1.0.3
[    1.533630] input: AT Translated Set 2 keyboard as /devices/platform/i8042/serio0/input/input2
[    1.539720] device-mapper: ioctl: 4.34.0-ioctl (2015-10-28) initialised: dm-devel@redhat.com
[    1.543085] ledtrig-cpu: registered to indicate activity on CPUs
[    1.547115] NET: Registered protocol family 10
[    1.550137] NET: Registered protocol family 17
[    1.551733] Key type dns_resolver registered
[    1.554632] registered taskstats version 1
[    1.556226] Loading compiled-in X.509 certificates
[    1.558933] Loaded X.509 cert 'Build time autogenerated kernel key: cf00e047681d67edb2720680708b7d9498083038'
[    1.562624] zswap: loaded using pool lzo/zbud
[    1.566933] Key type trusted registered
[    1.576282] Key type encrypted registered
[    1.577876] AppArmor: AppArmor sha1 policy hashing enabled
[    1.579876] ima: No TPM chip found, activating TPM-bypass!
[    1.581861] ima: Allocated hash algorithm: sha1
[    1.583493] evm: HMAC attrs: 0x1
[    1.586079]   Magic number: 5:758:294
[    1.587433] ata_device dev2.0: hash matches
[    1.589404]  dev2.0: hash matches
[    1.590645] misc hpet: hash matches
[    1.592032] tty tty27: hash matches
[    1.593542] rtc_cmos rtc_cmos: setting system clock to 2021-05-27 19:17:55 UTC (1622143075)
[    1.597435] BIOS EDD facility v0.16 2004-Jun-25, 0 devices found
[    1.599532] EDD information not available.
[    1.690648] Freeing unused kernel memory: 1492K
[    1.692474] Write protecting the kernel read-only data: 14336k
[    1.695153] Freeing unused kernel memory: 1584K
[    1.697130] Freeing unused kernel memory: 52K
Loading, please wait...
starting version 229
[    1.745358] random: systemd-udevd: uninitialized urandom read (16 bytes read, 2 bits of entropy available)
[    1.747474] random: udevadm: uninitialized urandom read (16 bytes read, 2 bits of entropy available)
[    1.747500] random: udevadm: uninitialized urandom read (16 bytes read, 2 bits of entropy available)
[    1.764116] random: systemd-udevd: uninitialized urandom read (16 bytes read, 2 bits of entropy available)
[    1.769655] random: systemd-udevd: uninitialized urandom read (16 bytes read, 2 bits of entropy available)
[    1.775362] random: systemd-udevd: uninitialized urandom read (16 bytes read, 2 bits of entropy available)
[    1.777131] random: udevadm: uninitialized urandom read (16 bytes read, 2 bits of entropy available)
[    1.777187] random: udevadm: uninitialized urandom read (16 bytes read, 2 bits of entropy available)
[    1.777450] random: udevadm: uninitialized urandom read (16 bytes read, 2 bits of entropy available)
[    1.777523] random: udevadm: uninitialized urandom read (16 bytes read, 2 bits of entropy available)
[    1.963179] e1000: Intel(R) PRO/1000 Network Driver - version 7.3.21-k8-NAPI
[    1.969049] e1000: Copyright (c) 1999-2006 Intel Corporation.
[    2.041509] Fusion MPT base driver 3.04.20
[    2.045501] Copyright (c) 1999-2008 LSI Corporation
[    2.433248] Fusion MPT SPI Host driver 3.04.20
[    2.725111] AVX version of gcm_enc/dec engaged.
[    2.728308] AES CTR mode by8 optimization enabled
[    2.982484] e1000 0000:00:03.0 eth0: (PCI:33MHz:32-bit) 02:ed:98:3c:8e:82
[    2.987038] e1000 0000:00:03.0 eth0: Intel(R) PRO/1000 Network Connection
[    2.993022] mptbase: ioc0: Initiating bringup
[    3.000132] input: ImExPS/2 Generic Explorer Mouse as /devices/platform/i8042/serio1/input/input4
[    3.056917] ioc0: LSI53C1030 A0: Capabilities={Initiator}
[    4.739529] scsi host2: ioc0: LSI53C1030 A0, FwRev=00000000h, Ports=1, MaxQ=256, IRQ=20
[    5.989175] scsi 2:0:0:0: Direct-Access     VBOX     HARDDISK         1.0  PQ: 0 ANSI: 5
[    5.998452] scsi target2:0:0: Beginning Domain Validation
[    6.008613] scsi target2:0:0: Domain Validation skipping write tests
[    6.011990] scsi target2:0:0: Ending Domain Validation
[    6.018546] scsi target2:0:0: asynchronous
[    6.023851] scsi 2:0:1:0: Direct-Access     VBOX     HARDDISK         1.0  PQ: 0 ANSI: 5
[    6.026856] scsi target2:0:1: Beginning Domain Validation
[    6.030212] scsi target2:0:1: Domain Validation skipping write tests
[    6.032379] scsi target2:0:1: Ending Domain Validation
[    6.040237] scsi target2:0:1: asynchronous
[    6.124522] sd 2:0:0:0: Attached scsi generic sg0 type 0
[    6.125688] sd 2:0:0:0: [sda] 83886080 512-byte logical blocks: (42.9 GB/40.0 GiB)
[    6.126054] sd 2:0:0:0: [sda] Write Protect is off
[    6.126283] sd 2:0:0:0: [sda] Incomplete mode parameter data
[    6.126284] sd 2:0:0:0: [sda] Assuming drive cache: write through
[    6.145651] sd 2:0:1:0: Attached scsi generic sg1 type 0
[    6.149861]  sda: sda1
[    6.150880] sd 2:0:1:0: [sdb] 20480 512-byte logical blocks: (10.5 MB/10.0 MiB)
[    6.157316] sd 2:0:1:0: [sdb] Write Protect is off
[    6.160867] sd 2:0:0:0: [sda] Attached SCSI disk
[    6.165289] sd 2:0:1:0: [sdb] Incomplete mode parameter data
[    6.167441] sd 2:0:1:0: [sdb] Assuming drive cache: write through
[    6.174676] sd 2:0:1:0: [sdb] Attached SCSI disk
[    6.462699] e1000 0000:00:08.0 eth1: (PCI:33MHz:32-bit) 08:00:27:de:9c:df
[    6.465120] e1000 0000:00:08.0 eth1: Intel(R) PRO/1000 Network Connection
[    6.850328] e1000 0000:00:09.0 eth2: (PCI:33MHz:32-bit) 08:00:27:55:ea:3d
[    6.852686] e1000 0000:00:09.0 eth2: Intel(R) PRO/1000 Network Connection
[    7.330607] e1000 0000:00:0a.0 eth3: (PCI:33MHz:32-bit) 08:00:27:21:17:26
[    7.333104] e1000 0000:00:0a.0 eth3: Intel(R) PRO/1000 Network Connection
[    7.714931] e1000 0000:00:10.0 eth4: (PCI:33MHz:32-bit) 08:00:27:96:0a:58
[    7.717439] e1000 0000:00:10.0 eth4: Intel(R) PRO/1000 Network Connection
[    7.722505] e1000 0000:00:08.0 enp0s8: renamed from eth1
[    7.737112] e1000 0000:00:09.0 enp0s9: renamed from eth2
[    7.749055] e1000 0000:00:0a.0 enp0s10: renamed from eth3
[    7.764237] e1000 0000:00:03.0 enp0s3: renamed from eth0
[    7.774327] e1000 0000:00:10.0 enp0s16: renamed from eth4
Begin: Loading essential drivers ... [    9.219286] md: linear personality registered for level -1
[    9.228433] md: multipath personality registered for level -4
[    9.238337] md: raid0 personality registered for level 0
[    9.249194] md: raid1 personality registered for level 1
[    9.330340] raid6: sse2x1   gen()  5210 MB/s
[    9.397852] raid6: sse2x1   xor()  1721 MB/s
[    9.480865] raid6: sse2x2   gen()  4467 MB/s
[    9.548699] raid6: sse2x2   xor()  6344 MB/s
[    9.616487] raid6: sse2x4   gen()  8687 MB/s
[    9.684578] raid6: sse2x4   xor()  7564 MB/s
[    9.686119] raid6: using algorithm sse2x4 gen() 8687 MB/s
[    9.688129] raid6: .... xor() 7564 MB/s, rmw enabled
[    9.689954] raid6: using ssse3x2 recovery algorithm
[    9.697546] xor: automatically using best checksumming function:
[    9.736463]    avx       : 17663.000 MB/sec
[    9.748133] async_tx: api initialized (async)
[    9.781769] md: raid6 personality registered for level 6
[    9.783812] md: raid5 personality registered for level 5
[    9.785733] md: raid4 personality registered for level 4
[    9.814400] md: raid10 personality registered for level 10
done.
Begin: Running /scripts/init-premount ... done.
Begin: Mounting root file system ... Begin: Running /scripts/local-top ... done.
Begin: Running /scripts/local-premount ... [    9.902599] Btrfs loaded
Scanning for Btrfs filesystems
done.
Warning: fsck not present, so skipping root file system
[    9.979660] EXT4-fs (sda1): INFO: recovery required on readonly filesystem
[    9.982352] EXT4-fs (sda1): write access will be enabled during recovery
[   10.291400] EXT4-fs (sda1): orphan cleanup on readonly fs
[   10.310771] EXT4-fs (sda1): 20 orphan inodes deleted
[   10.312653] EXT4-fs (sda1): recovery complete
[   10.321204] EXT4-fs (sda1): mounted filesystem with ordered data mode. Opts: (null)
done.
Begin: Running /scripts/local-bottom ... done.
Begin: Running /scripts/init-bottom ... done.
[   10.528474] systemd[1]: systemd 229 running in system mode. (+PAM +AUDIT +SELINUX +IMA +APPARMOR +SMACK +SYSVINIT +UTMP +LIBCRYPTSETUP +GCRYPT +GNUTLS +ACL +XZ -LZ4 +SECCOMP +BLKID +ELFUTILS +KMOD -IDN)
[   10.538096] systemd[1]: Detected virtualization oracle.
[   10.547265] systemd[1]: Detected architecture x86-64.

Welcome to [1mUbuntu 16.04.7 LTS[0m!

[   10.598266] systemd[1]: Set hostname to <ubuntu-xenial>.
[   10.692558] random: nonblocking pool is initialized
[   10.848086] systemd[1]: Listening on LVM2 poll daemon socket.
[[0;32m  OK  [0m] Listening on LVM2 poll daemon socket.
[   10.855813] systemd[1]: Listening on udev Control Socket.
[[0;32m  OK  [0m] Listening on udev Control Socket.
[   10.862076] systemd[1]: Listening on Device-mapper event daemon FIFOs.
[[0;32m  OK  [0m] Listening on Device-mapper event daemon FIFOs.
[   10.869557] systemd[1]: Listening on Journal Audit Socket.
[[0;32m  OK  [0m] Listening on Journal Audit Socket.
[   10.876457] systemd[1]: Reached target User and Group Name Lookups.
[[0;32m  OK  [0m] Reached target User and Group Name Lookups.
[   10.883599] systemd[1]: Reached target Swap.
[[0;32m  OK  [0m] Reached target Swap.
[   10.890111] systemd[1]: Set up automount Arbitrary Executable File Formats File System Automount Point.
[[0;32m  OK  [0m] Set up automount Arbitrary Executab...ats File System Automount Point.
[   10.900013] systemd[1]: Listening on fsck to fsckd communication Socket.
[[0;32m  OK  [0m] Listening on fsck to fsckd communication Socket.
[   10.908820] systemd[1]: Listening on Syslog Socket.
[[0;32m  OK  [0m] Listening on Syslog Socket.
[   10.915382] systemd[1]: Listening on Journal Socket (/dev/log).
[[0;32m  OK  [0m] Listening on Journal Socket (/dev/log).
[   10.922428] systemd[1]: Reached target System Time Synchronized.
[[0;32m  OK  [0m] Reached target System Time Synchronized.
[   10.929642] systemd[1]: Reached target Encrypted Volumes.
[[0;32m  OK  [0m] Reached target Encrypted Volumes.
[   10.935392] systemd[1]: Listening on Journal Socket.
[[0;32m  OK  [0m] Listening on Journal Socket.
[   10.941798] systemd[1]: Created slice User and Session Slice.
[[0;32m  OK  [0m] Created slice User and Session Slice.
[   10.948908] systemd[1]: Started Forward Password Requests to Wall Directory Watch.
[[0;32m  OK  [0m] Started Forward Password Requests to Wall Directory Watch.
[   10.957276] systemd[1]: Listening on /dev/initctl Compatibility Named Pipe.
[[0;32m  OK  [0m] Listening on /dev/initctl Compatibility Named Pipe.
[   10.965240] systemd[1]: Created slice System Slice.
[[0;32m  OK  [0m] Created slice System Slice.
[   10.971870] systemd[1]: Reached target Slices.
[[0;32m  OK  [0m] Reached target Slices.
[   10.994760] systemd[1]: Starting Nameserver information manager...
         Starting Nameserver information manager...
[   11.005391] systemd[1]: Created slice system-serial\x2dgetty.slice.
[[0;32m  OK  [0m] Created slice system-serial\x2dgetty.slice.
[   11.016439] systemd[1]: Starting Create list of required static device nodes for the current kernel...
         Starting Create list of required st... nodes for the current kernel...
[   11.029012] systemd[1]: Starting Journal Service...
         Starting Journal Service...
[   11.041294] systemd[1]: Mounting Debug File System...
         Mounting Debug File System...
[   11.047944] systemd[1]: Mounting Huge Pages File System...
         Mounting Huge Pages File System...
[   11.062705] systemd[1]: Starting Uncomplicated firewall...
         Starting Uncomplicated firewall...
[   11.088137] systemd[1]: Starting Load Kernel Modules...
         Starting Load Kernel Modules...
[   11.094627] systemd[1]: Starting File System Check on Root Device...
         Starting File System Check on Root Device...
[   11.110340] systemd[1]: Mounting POSIX Message Queue File System...
         Mounting POSIX Message Queue File System...
[   11.120934] systemd[1]: Starting Set console keymap...
         Starting Set console keymap...
[   11.130279] systemd[1]: Listening on LVM2 metadata daemon socket.
[[0;32m  OK  [0m] Listening on LVM2 metadata daemon socket.
[   11.140046] systemd[1]: Starting Monitoring of LVM2 mirrors, snapshots etc. using dmeventd or progress polling...
         Starting Monitoring of LVM2 mirrors... dmeventd or progress polling...
[   11.153187] systemd[1]: Started Trigger resolvconf update for networkd DNS.
[[0;32m  OK  [0m] Started Trigger resolvconf update for networkd DNS.
[   11.164526] systemd[1]: Listening on udev Kernel Socket.
[[0;32m  OK  [0m] Listening on udev Kernel Socket.
[   11.173968] systemd[1]: Mounted POSIX Message Queue File System.
[[0;32m  OK  [0m] Mounted POSIX Message Queue File System.
[   11.185805] systemd[1]: Mounted Debug File System.
[[0;32m  OK  [0m] Mounted Debug File System.
[   11.192349] systemd[1]: Mounted Huge Pages File System.
[[0;32m  OK  [0m] Mounted Huge Pages File System.
[   11.201235] systemd[1]: Started Journal Service.
[[0;32m  OK  [0m] Started Journal Service.
[   11.250600] Loading iSCSI transport class v2.0-870.
[[0;32m  OK  [0m] Started Create list of required sta...ce nodes for the current kernel.
[[0;32m  OK  [0m] Started Uncomplicated firewall.
[[0;32m  OK  [0m] Started File System Check on Root Device.
[[0;32m  OK  [0m] Started Nameserver information manager.
[[0;32m  OK  [0m] Started Set console keymap.
[[0;32m  OK  [0m] Started LVM2 metadata daemon.
[[0;32m  OK  [0m] Started File System Check Daemon to report status.
         Starting Remount Root and Kernel File Systems...
         Starting Create Static Device Nodes in /dev...
[   11.366022] EXT4-fs (sda1): re-mounted. Opts: (null)
[[0;32m  OK  [0m] Started Remount Root and Kernel File Systems.
         Starting Load/Save Random Seed...
         Starting udev Coldplug all Devices...
         Starting Flush Journal to Persistent Storage...
[   11.444022] systemd-journald[378]: Received request to flush runtime journal from PID 1
[   11.445231] iscsi: registered transport (tcp)
[[0;32m  OK  [0m] Started Create Static Device Nodes in /dev.
[[0;32m  OK  [0m] Started Flush Journal to Persistent Storage.
[[0;32m  OK  [0m] Started Load/Save Random Seed.
         Starting udev Kernel Device Manager...
[[0;32m  OK  [0m] Started Monitoring of LVM2 mirrors,...ng dmeventd or progress polling.
[[0;32m  OK  [0m] Reached target Local File Systems (Pre).
[[0;32m  OK  [0m] Reached target Local File Systems.
         Starting Create Volatile Files and Directories...
         Starting Tell Plymouth To Write Out Runtime Data...
         Starting Initial cloud-init job (pre-networking)...
         Starting Set console font and keymap...
         Starting LSB: AppArmor initialization...
[[0;32m  OK  [0m] Started Tell Plymouth To Write Out Runtime Data.
[[0;32m  OK  [0m] Started Create Volatile Files and Directories.
         Starting Update UTMP about System Boot/Shutdown...
[[0;32m  OK  [0m] Started Update UTMP about System Boot/Shutdown.
[[0;32m  OK  [0m] Started udev Coldplug all Devices.
[[0;32m  OK  [0m] Started udev Kernel Device Manager.
[[0;32m  OK  [0m] Started Dispatch Password Requests to Console Directory Watch.
[   12.818318] audit: type=1400 audit(1622143086.720:2): apparmor="STATUS" operation="profile_load" profile="unconfined" name="lxc-container-default" pid=571 comm="apparmor_parser"
[   12.818324] audit: type=1400 audit(1622143086.720:3): apparmor="STATUS" operation="profile_load" profile="unconfined" name="lxc-container-default-cgns" pid=571 comm="apparmor_parser"
[   12.818328] audit: type=1400 audit(1622143086.720:4): apparmor="STATUS" operation="profile_load" profile="unconfined" name="lxc-container-default-with-mounting" pid=571 comm="apparmor_parser"
[   12.818331] audit: type=1400 audit(1622143086.720:5): apparmor="STATUS" operation="profile_load" profile="unconfined" name="lxc-container-default-with-nesting" pid=571 comm="apparmor_parser"
[   12.827233] audit: type=1400 audit(1622143086.732:6): apparmor="STATUS" operation="profile_load" profile="unconfined" name="/usr/bin/lxc-start" pid=577 comm="apparmor_parser"
[   12.836761] audit: type=1400 audit(1622143086.740:7): apparmor="STATUS" operation="profile_load" profile="unconfined" name="/sbin/dhclient" pid=572 comm="apparmor_parser"
[   12.836769] audit: type=1400 audit(1622143086.740:8): apparmor="STATUS" operation="profile_load" profile="unconfined" name="/usr/lib/NetworkManager/nm-dhcp-client.action" pid=572 comm="apparmor_parser"
[   12.836773] audit: type=1400 audit(1622143086.740:9): apparmor="STATUS" operation="profile_load" profile="unconfined" name="/usr/lib/NetworkManager/nm-dhcp-helper" pid=572 comm="apparmor_parser"
[   12.836777] audit: type=1400 audit(1622143086.740:10): apparmor="STATUS" operation="profile_load" profile="unconfined" name="/usr/lib/connman/scripts/dhclient-script" pid=572 comm="apparmor_parser"
[   12.889467] audit: type=1400 audit(1622143086.784:11): apparmor="STATUS" operation="profile_load" profile="unconfined" name="/usr/lib/lxd/lxd-bridge-proxy" pid=578 comm="apparmor_parser"
[   13.209863] iscsi: registered transport (iser)
[   13.226815] ACPI: Video Device [GFX0] (multi-head: yes  rom: no  post: no)
[   13.226893] input: Video Bus as /devices/LNXSYSTM:00/LNXSYBUS:00/PNP0A03:00/LNXVIDEO:00/input/input5
[[0;32m  OK  [0m] Started LSB: AppArmor initialization.
[[0;32m  OK  [0m] Started Load Kernel Modules.
         Starting Apply Kernel Variables...
         Mounting FUSE Control File System...
         Starting Load AppArmor profiles managed internally by snapd...
[[0;32m  OK  [0m] Mounted FUSE Control File System.
[[0;32m  OK  [0m] Started Apply Kernel Variables.
[[0;32m  OK  [0m] Started Load AppArmor profiles managed internally by snapd.
[[0;32m  OK  [0m] Found device /dev/ttyS0.
[[0;32m  OK  [0m] Found device 82540EM Gigabit Ethern...r (PRO/1000 MT Desktop Adapter).
[[0;32m  OK  [0m] Found device 82540EM Gigabit Ethern...r (PRO/1000 MT Desktop Adapter).
[[0;32m  OK  [0m] Found device 82540EM Gigabit Ethern...r (PRO/1000 MT Desktop Adapter).
[[0;32m  OK  [0m] Found device 82540EM Gigabit Ethern...r (PRO/1000 MT Desktop Adapter).
[[0;32m  OK  [0m] Started Set console font and keymap.
[[0;32m  OK  [0m] Created slice system-getty.slice.
[[0;32m  OK  [0m] Found device 82540EM Gigabit Ethern...r (PRO/1000 MT Desktop Adapter).
[[0;32m  OK  [0m] Listening on Load/Save RF Kill Switch Status /dev/rfkill Watch.
[   15.634908] cloud-init[468]: Cloud-init v. 21.1-19-gbad84ad4-0ubuntu1~16.04.2 running 'init-local' at Thu, 27 May 2021 19:18:09 +0000. Up 14.71 seconds.
[[0;32m  OK  [0m] Started Initial cloud-init job (pre-networking).
[[0;32m  OK  [0m] Reached target Network (Pre).
         Starting Raise network interfaces...
[[0;32m  OK  [0m] Started ifup for enp0s9.
[[0;32m  OK  [0m] Started ifup for enp0s10.
[[0;32m  OK  [0m] Started ifup for enp0s16.
[[0;32m  OK  [0m] Started ifup for enp0s8.
[[0;32m  OK  [0m] Started ifup for enp0s3.
[[0;1;31mFAILED[0m] Failed to start Raise network interfaces.
See 'systemctl status networking.service' for details.
[[0;32m  OK  [0m] Reached target Network.
         Starting Initial cloud-init job (metadata service crawler)...
[   17.506787] cloud-init[1521]: Cloud-init v. 21.1-19-gbad84ad4-0ubuntu1~16.04.2 running 'init' at Thu, 27 May 2021 19:18:11 +0000. Up 16.99 seconds.
[   17.515018] cloud-init[1521]: ci-info: +++++++++++++++++++++++++++++++++++++++Net device info+++++++++++++++++++++++++++++++++++++++
[   17.522582] cloud-init[1521]: ci-info: +---------+------+-----------------------------+---------------+--------+-------------------+
[   17.530906] cloud-init[1521]: ci-info: |  Device |  Up  |           Address           |      Mask     | Scope  |     Hw-Address    |
[   17.539799] cloud-init[1521]: ci-info: +---------+------+-----------------------------+---------------+--------+-------------------+
[   17.548968] cloud-init[1521]: ci-info: | enp0s10 | True |        192.168.1.236        | 255.255.255.0 | global | 08:00:27:21:17:26 |
[   17.563953] cloud-init[1521]: ci-info: | enp0s10 | True | fe80::a00:27ff:fe21:1726/64 |       .       |  link  | 08:00:27:21:17:26 |
[   17.573239] cloud-init[1521]: ci-info: | enp0s16 | True |        192.168.1.236        | 255.255.255.0 | global | 08:00:27:96:0a:58 |
[   17.583988] cloud-init[1521]: ci-info: | enp0s16 | True |  fe80::a00:27ff:fe96:a58/64 |       .       |  link  | 08:00:27:96:0a:58 |
[   17.593417] cloud-init[1521]: ci-info: |  enp0s3 | True |          10.0.2.15          | 255.255.255.0 | global | 02:ed:98:3c:8e:82 |
[   17.603994] cloud-init[1521]: ci-info: |  enp0s3 | True |  fe80::ed:98ff:fe3c:8e82/64 |       .       |  link  | 02:ed:98:3c:8e:82 |
[   17.616229] cloud-init[1521]: ci-info: |  enp0s8 | True |        192.168.1.236        | 255.255.255.0 | global | 08:00:27:de:9c:df |
[   17.625226] cloud-init[1521]: ci-info: |  enp0s8 | True | fe80::a00:27ff:fede:9cdf/64 |       .       |  link  | 08:00:27:de:9c:df |
[   17.635774] cloud-init[1521]: ci-info: |  enp0s9 | True |        192.168.1.236        | 255.255.255.0 | global | 08:00:27:55:ea:3d |
[   17.646283] cloud-init[1521]: ci-info: |  enp0s9 | True | fe80::a00:27ff:fe55:ea3d/64 |       .       |  link  | 08:00:27:55:ea:3d |
[   17.663916] cloud-init[1521]: ci-info: |    lo   | True |          127.0.0.1          |   255.0.0.0   |  host  |         .         |
[   17.676234] cloud-init[1521]: ci-info: |    lo   | True |           ::1/128           |       .       |  host  |         .         |
[   17.686632] cloud-init[1521]: ci-info: +---------+------+-----------------------------+---------------+--------+-------------------+
[   17.695742] cloud-init[1521]: ci-info: +++++++++++++++++++++++++++Route IPv4 info++++++++++++++++++++++++++++
[   17.704721] cloud-init[1521]: ci-info: +-------+-------------+----------+---------------+-----------+-------+
[   17.711617] cloud-init[1521]: ci-info: | Route | Destination | Gateway  |    Genmask    | Interface | Flags |
[   17.718304] cloud-init[1521]: ci-info: +-------+-------------+----------+---------------+-----------+-------+
[   17.725034] cloud-init[1521]: ci-info: |   0   |   0.0.0.0   | 10.0.2.2 |    0.0.0.0    |   enp0s3  |   UG  |
[   17.732781] cloud-init[1521]: ci-info: |   1   |   10.0.2.0  | 0.0.0.0  | 255.255.255.0 |   enp0s3  |   U   |
[   17.744184] cloud-init[1521]: ci-info: |   2   | 192.168.1.0 | 0.0.0.0  | 255.255.255.0 |   enp0s8  |   U   |
[   17.754141] cloud-init[1521]: ci-info: |   3   | 192.168.1.0 | 0.0.0.0  | 255.255.255.0 |   enp0s9  |   U   |
[   17.764015] cloud-init[1521]: ci-info: |   4   | 192.168.1.0 | 0.0.0.0  | 255.255.255.0 |  enp0s16  |   U   |
[   17.775381] cloud-init[1521]: ci-info: |   5   | 192.168.1.0 | 0.0.0.0  | 255.255.255.0 |  enp0s10  |   U   |
[   17.783699] cloud-init[1521]: ci-info: +-------+-------------+----------+---------------+-----------+-------+
[   17.793893] cloud-init[1521]: ci-info: +++++++++++++++++++Route IPv6 info+++++++++++++++++++
[   17.802810] cloud-init[1521]: ci-info: +-------+-------------+---------+-----------+-------+
[   17.815901] cloud-init[1521]: ci-info: | Route | Destination | Gateway | Interface | Flags |
[   17.827890] cloud-init[1521]: ci-info: +-------+-------------+---------+-----------+-------+
[   17.834802] cloud-init[1521]: ci-info: |   0   |  fe80::/64  |    ::   |   enp0s8  |   U   |
[   17.844018] cloud-init[1521]: ci-info: |   1   |  fe80::/64  |    ::   |   enp0s9  |   U   |
[   17.851232] cloud-init[1521]: ci-info: |   2   |  fe80::/64  |    ::   |  enp0s16  |   U   |
[   17.857850] cloud-init[1521]: ci-info: |   3   |  fe80::/64  |    ::   |  enp0s10  |   U   |
[   17.865799] cloud-init[1521]: ci-info: |   4   |  fe80::/64  |    ::   |   enp0s3  |   U   |
[   17.873884] cloud-init[1521]: ci-info: |   7   |   ff00::/8  |    ::   |   enp0s8  |   U   |
[   17.881266] cloud-init[1521]: ci-info: |   8   |   ff00::/8  |    ::   |   enp0s9  |   U   |
[   17.887801] cloud-init[1521]: ci-info: |   9   |   ff00::/8  |    ::   |  enp0s16  |   U   |
[   17.897825] cloud-init[1521]: ci-info: |   10  |   ff00::/8  |    ::   |  enp0s10  |   U   |
[   17.908739] cloud-init[1521]: ci-info: |   11  |   ff00::/8  |    ::   |   enp0s3  |   U   |
[[0;32m  OK  [0m] Started Initial cloud-init job (metadata service crawler).
[[0;32m  OK  [0m] Reached target Network is Online.
[   17.919382] cloud-init[1521]: ci-info: +-------+-------------+---------+-----------+-------+
         Starting iSCSI initiator daemon (iscsid)...
[[0;32m  OK  [0m] Reached target Cloud-config availability.
[[0;32m  OK  [0m] Reached target System Initialization.
[[0;32m  OK  [0m] Started Daily apt download activities.
         Starting Socket activation for snappy daemon.
[[0;32m  OK  [0m] Started Message of the Day.
[[0;32m  OK  [0m] Started Daily apt upgrade and clean activities.
[[0;32m  OK  [0m] Listening on D-Bus System Message Bus Socket.
[[0;32m  OK  [0m] Listening on UUID daemon activation socket.
[[0;32m  OK  [0m] Started Daily Cleanup of Temporary Directories.
[[0;32m  OK  [0m] Reached target Timers.
         Starting LXD - unix socket.
[[0;32m  OK  [0m] Started ACPI Events Check.
[[0;32m  OK  [0m] Reached target Paths.
[[0;32m  OK  [0m] Listening on ACPID Listen Socket.
[[0;32m  OK  [0m] Listening on Socket activation for snappy daemon.
[[0;32m  OK  [0m] Listening on LXD - unix socket.
[[0;32m  OK  [0m] Reached target Sockets.
[[0;32m  OK  [0m] Reached target Basic System.
         Starting The PHP 7.0 FastCGI Process Manager...
         Starting Login Service...
         Starting Virtualbox guest utils...
         Starting LSB: Record successful boot for GRUB...
         Starting LXD - container startup/shutdown...
[[0;32m  OK  [0m] Started Deferred execution scheduler.
[[0;32m  OK  [0m] Started D-Bus System Message Bus.
         Starting LSB: MD monitoring daemon...
         Starting System Logging Service...
         Starting Accounts Service...
[[0;32m  OK  [0m] Started Regular background program processing daemon.
         Starting /etc/rc.local Compatibility...
         Starting A high performance web server and a reverse proxy server...
[[0;32m  OK  [0m] Started ACPI event daemon.
[[0;32m  OK  [0m] Started FUSE filesystem for LXC.
         Starting OpenBSD Secure Shell server...
         Starting Snap Daemon...
[[0;32m  OK  [0m] Started iSCSI initiator daemon (iscsid).
[[0;32m  OK  [0m] Started /etc/rc.local Compatibility.
         Starting Login to default iSCSI targets...
[[0;32m  OK  [0m] Started Login Service.
[[0;32m  OK  [0m] Started Unattended Upgrades Shutdown.
[[0;32m  OK  [0m] Started Login to default iSCSI targets.
[[0;32m  OK  [0m] Reached target Remote File Systems (Pre).
         Mounting /vagrant...
[[0;32m  OK  [0m] Started LSB: Record successful boot for GRUB.
[[0;1;31mFAILED[0m] Failed to mount /vagrant.
See 'systemctl status vagrant.mount' for details.
[[0;1;33mDEPEND[0m] Dependency failed for Remote File Systems.
         Starting LSB: daemon to balance interrupts for SMP systems...
         Starting Permit User Sessions...
         Starting LSB: Set the CPU Frequency Scaling governor to "ondemand"...
         Starting LSB: automatic crash report generation...
[[0;32m  OK  [0m] Started LSB: MD monitoring daemon.
[[0;32m  OK  [0m] Started Permit User Sessions.
[[0;32m  OK  [0m] Started LSB: Set the CPU Frequency Scaling governor to "ondemand".
[[0;32m  OK  [0m] Started System Logging Service.
         Starting Hold until boot process finishes up...
         Starting Terminate Plymouth Boot Screen...
[[0;32m  OK  [0m] Started Hold until boot process finishes up.
         Starting Set console scheme...
[[0;32m  OK  [0m] Started Getty on tty1.
[[0;32m  OK  [0m] Started Serial Getty on ttyS0.
[[0;32m  OK  [0m] Reached target Login Prompts.
[[0;32m  OK  [0m] Started Set console scheme.
[[0;32m  OK  [0m] Started OpenBSD Secure Shell server.
[[0;32m  OK  [0m] Started Terminate Plymouth Boot Screen.
[[0;32m  OK  [0m] Started LSB: daemon to balance interrupts for SMP systems.
         Starting Authenticate and Authorize Users to Run Privileged Tasks...
[[0;32m  OK  [0m] Started LXD - container startup/shutdown.
[[0;32m  OK  [0m] Started LSB: automatic crash report generation.
[[0;32m  OK  [0m] Started Authenticate and Authorize Users to Run Privileged Tasks.
[[0;32m  OK  [0m] Started Accounts Service.
[[0;32m  OK  [0m] Created slice User Slice of vagrant.
[[0;32m  OK  [0m] Started A high performance web server and a reverse proxy server.
[[0;32m  OK  [0m] Started Virtualbox guest utils.
         Starting User Manager for UID 1000...
[[0;32m  OK  [0m] Started Session 1 of user vagrant.
[[0;32m  OK  [0m] Started User Manager for UID 1000.
[[0;32m  OK  [0m] Started The PHP 7.0 FastCGI Process Manager.
[[0;32m  OK  [0m] Started Snap Daemon.
         Starting Wait until snapd is fully seeded...
[[0;32m  OK  [0m] Started Wait until snapd is fully seeded.
         Starting Apply the settings specified in cloud-config...
[[0;32m  OK  [0m] Reached target Multi-User System.
[[0;32m  OK  [0m] Reached target Graphical Interface.
         Starting Update UTMP about System Runlevel Changes...
[[0;32m  OK  [0m] Started Update UTMP about System Runlevel Changes.
[   21.057482] cloud-init[1857]: Cloud-init v. 21.1-19-gbad84ad4-0ubuntu1~16.04.2 running 'modules:config' at Thu, 27 May 2021 19:18:15 +0000. Up 20.91 seconds.
[[0;32m  OK  [0m] Started Apply the settings specified in cloud-config.
         Starting Execute cloud user/final scripts...
[   22.372781] cloud-init[1883]: Cloud-init v. 21.1-19-gbad84ad4-0ubuntu1~16.04.2 running 'modules:final' at Thu, 27 May 2021 19:18:16 +0000. Up 22.06 seconds.
[   22.382344] cloud-init[1883]: Cloud-init v. 21.1-19-gbad84ad4-0ubuntu1~16.04.2 finished at Thu, 27 May 2021 19:18:16 +0000. Datasource DataSourceNoCloud [seed=/dev/sdb][dsmode=net].  Up 22.35 seconds
[[0;32m  OK  [0m] Started Execute cloud user/final scripts.
[[0;32m  OK  [0m] Reached target Cloud-init target.

Ubuntu 16.04.7 LTS ubuntu-xenial ttyS0

ubuntu-xenial login: 