[    0.000000] Initializing cgroup subsys cpuset
[    0.000000] Initializing cgroup subsys cpu
[    0.000000] Initializing cgroup subsys cpuacct
[    0.000000] Linux version 4.4.0-210-generic (buildd@lgw01-amd64-009) (gcc version 5.4.0 20160609 (Ubuntu 5.4.0-6ubuntu1~16.04.12) ) #242-Ubuntu SMP Fri Apr 16 09:57:56 UTC 2021 (Ubuntu 4.4.0-210.242-generic 4.4.262)
[    0.000000] Command line: BOOT_IMAGE=/boot/vmlinuz-4.4.0-210-generic root=UUID=ce38f626-b02a-496e-9acf-8cacdd6a07eb ro console=tty1 console=ttyS0
[    0.000000] KERNEL supported cpus:
[    0.000000]   Intel GenuineIntel
[    0.000000]   AMD AuthenticAMD
[    0.000000]   Centaur CentaurHauls
[    0.000000] x86/fpu: xstate_offset[2]:  576, xstate_sizes[2]:  256
[    0.000000] x86/fpu: Supporting XSAVE feature 0x01: 'x87 floating point registers'
[    0.000000] x86/fpu: Supporting XSAVE feature 0x02: 'SSE registers'
[    0.000000] x86/fpu: Supporting XSAVE feature 0x04: 'AVX registers'
[    0.000000] x86/fpu: Enabled xstate features 0x7, context size is 832 bytes, using 'standard' format.
[    0.000000] e820: BIOS-provided physical RAM map:
[    0.000000] BIOS-e820: [mem 0x0000000000000000-0x000000000009fbff] usable
[    0.000000] BIOS-e820: [mem 0x000000000009fc00-0x000000000009ffff] reserved
[    0.000000] BIOS-e820: [mem 0x00000000000f0000-0x00000000000fffff] reserved
[    0.000000] BIOS-e820: [mem 0x0000000000100000-0x000000003ffeffff] usable
[    0.000000] BIOS-e820: [mem 0x000000003fff0000-0x000000003fffffff] ACPI data
[    0.000000] BIOS-e820: [mem 0x00000000fec00000-0x00000000fec00fff] reserved
[    0.000000] BIOS-e820: [mem 0x00000000fee00000-0x00000000fee00fff] reserved
[    0.000000] BIOS-e820: [mem 0x00000000fffc0000-0x00000000ffffffff] reserved
[    0.000000] NX (Execute Disable) protection: active
[    0.000000] SMBIOS 2.5 present.
[    0.000000] Hypervisor detected: KVM
[    0.000000] e820: last_pfn = 0x3fff0 max_arch_pfn = 0x400000000
[    0.000000] MTRR: Disabled
[    0.000000] x86/PAT: MTRRs disabled, skipping PAT initialization too.
[    0.000000] CPU MTRRs all blank - virtualized system.
[    0.000000] x86/PAT: Configuration [0-7]: WB  WT  UC- UC  WB  WT  UC- UC  
[    0.000000] found SMP MP-table at [mem 0x0009fff0-0x0009ffff] mapped at [ffff88000009fff0]
[    0.000000] Scanning 1 areas for low memory corruption
[    0.000000] RAMDISK: [mem 0x362de000-0x37166fff]
[    0.000000] ACPI: Early table checksum verification disabled
[    0.000000] ACPI: RSDP 0x00000000000E0000 000024 (v02 VBOX  )
[    0.000000] ACPI: XSDT 0x000000003FFF0030 00003C (v01 VBOX   VBOXXSDT 00000001 ASL  00000061)
[    0.000000] ACPI: FACP 0x000000003FFF00F0 0000F4 (v04 VBOX   VBOXFACP 00000001 ASL  00000061)
[    0.000000] ACPI: DSDT 0x000000003FFF0470 002325 (v02 VBOX   VBOXBIOS 00000002 INTL 20190509)
[    0.000000] ACPI: FACS 0x000000003FFF0200 000040
[    0.000000] ACPI: FACS 0x000000003FFF0200 000040
[    0.000000] ACPI: APIC 0x000000003FFF0240 00005C (v02 VBOX   VBOXAPIC 00000001 ASL  00000061)
[    0.000000] ACPI: SSDT 0x000000003FFF02A0 0001CC (v01 VBOX   VBOXCPUT 00000002 INTL 20190509)
[    0.000000] No NUMA configuration found
[    0.000000] Faking a node at [mem 0x0000000000000000-0x000000003ffeffff]
[    0.000000] NODE_DATA(0) allocated [mem 0x3ffeb000-0x3ffeffff]
[    0.000000] kvm-clock: Using msrs 4b564d01 and 4b564d00
[    0.000000] kvm-clock: cpu 0, msr 0:3ffe3001, primary cpu clock
[    0.000000] kvm-clock: using sched offset of 4359320891 cycles
[    0.000000] clocksource: kvm-clock: mask: 0xffffffffffffffff max_cycles: 0x1cd42e4dffb, max_idle_ns: 881590591483 ns
[    0.000000] Zone ranges:
[    0.000000]   DMA      [mem 0x0000000000001000-0x0000000000ffffff]
[    0.000000]   DMA32    [mem 0x0000000001000000-0x000000003ffeffff]
[    0.000000]   Normal   empty
[    0.000000]   Device   empty
[    0.000000] Movable zone start for each node
[    0.000000] Early memory node ranges
[    0.000000]   node   0: [mem 0x0000000000001000-0x000000000009efff]
[    0.000000]   node   0: [mem 0x0000000000100000-0x000000003ffeffff]
[    0.000000] Initmem setup node 0 [mem 0x0000000000001000-0x000000003ffeffff]
[    0.000000] ACPI: PM-Timer IO Port: 0x4008
[    0.000000] IOAPIC[0]: apic_id 2, version 32, address 0xfec00000, GSI 0-23
[    0.000000] ACPI: INT_SRC_OVR (bus 0 bus_irq 0 global_irq 2 dfl dfl)
[    0.000000] ACPI: INT_SRC_OVR (bus 0 bus_irq 9 global_irq 9 low level)
[    0.000000] Using ACPI (MADT) for SMP configuration information
[    0.000000] smpboot: Allowing 2 CPUs, 0 hotplug CPUs
[    0.000000] PM: Registered nosave memory: [mem 0x00000000-0x00000fff]
[    0.000000] PM: Registered nosave memory: [mem 0x0009f000-0x0009ffff]
[    0.000000] PM: Registered nosave memory: [mem 0x000a0000-0x000effff]
[    0.000000] PM: Registered nosave memory: [mem 0x000f0000-0x000fffff]
[    0.000000] e820: [mem 0x40000000-0xfebfffff] available for PCI devices
[    0.000000] Booting paravirtualized kernel on KVM
[    0.000000] clocksource: refined-jiffies: mask: 0xffffffff max_cycles: 0xffffffff, max_idle_ns: 7645519600211568 ns
[    0.000000] setup_percpu: NR_CPUS:512 nr_cpumask_bits:512 nr_cpu_ids:2 nr_node_ids:1
[    0.000000] PERCPU: Embedded 33 pages/cpu @ffff88003fc00000 s95192 r8192 d31784 u1048576
[    0.000000] Built 1 zonelists in Node order, mobility grouping on.  Total pages: 257912
[    0.000000] Policy zone: DMA32
[    0.000000] Kernel command line: BOOT_IMAGE=/boot/vmlinuz-4.4.0-210-generic root=UUID=ce38f626-b02a-496e-9acf-8cacdd6a07eb ro console=tty1 console=ttyS0
[    0.000000] PID hash table entries: 4096 (order: 3, 32768 bytes)
[    0.000000] Memory: 997796K/1048120K available (8644K kernel code, 1332K rwdata, 4044K rodata, 1492K init, 1164K bss, 50324K reserved, 0K cma-reserved)
[    0.000000] SLUB: HWalign=64, Order=0-3, MinObjects=0, CPUs=2, Nodes=1
[    0.000000] Kernel/User page tables isolation: enabled
[    0.000000] Hierarchical RCU implementation.
[    0.000000] 	Build-time adjustment of leaf fanout to 64.
[    0.000000] 	RCU restricting CPUs from NR_CPUS=512 to nr_cpu_ids=2.
[    0.000000] RCU: Adjusting geometry for rcu_fanout_leaf=64, nr_cpu_ids=2
[    0.000000] NR_IRQS:33024 nr_irqs:440 16
[    0.000000] Console: colour VGA+ 80x25
[    0.000000] console [tty1] enabled
[    0.000000] console [ttyS0] enabled
[    0.000000] tsc: Detected 2294.786 MHz processor
[    0.282665] Calibrating delay loop (skipped) preset value.. 4589.57 BogoMIPS (lpj=9179144)
[    0.285879] pid_max: default: 32768 minimum: 301
[    0.288310] ACPI: Core revision 20150930
[    0.290839] ACPI: 2 ACPI AML tables successfully acquired and loaded
[    0.293413] Security Framework initialized
[    0.295452] Yama: becoming mindful.
[    0.297825] AppArmor: AppArmor initialized
[    0.299475] Dentry cache hash table entries: 131072 (order: 8, 1048576 bytes)
[    0.303464] Inode-cache hash table entries: 65536 (order: 7, 524288 bytes)
[    0.307016] Mount-cache hash table entries: 2048 (order: 2, 16384 bytes)
[    0.309771] Mountpoint-cache hash table entries: 2048 (order: 2, 16384 bytes)
[    0.312635] Initializing cgroup subsys io
[    0.314133] Initializing cgroup subsys memory
[    0.316887] Initializing cgroup subsys devices
[    0.318688] Initializing cgroup subsys freezer
[    0.320798] Initializing cgroup subsys net_cls
[    0.322400] Initializing cgroup subsys perf_event
[    0.324128] Initializing cgroup subsys net_prio
[    0.327279] Initializing cgroup subsys hugetlb
[    0.328928] Initializing cgroup subsys pids
[    0.331323] mce: CPU supports 0 MCE banks
[    0.332942] Last level iTLB entries: 4KB 512, 2MB 8, 4MB 8
[    0.335021] Last level dTLB entries: 4KB 512, 2MB 32, 4MB 32, 1GB 0
[    0.338323] Spectre V1 : Mitigation: usercopy/swapgs barriers and __user pointer sanitization
[    0.343801] Spectre V2 : Mitigation: Full generic retpoline
[    0.345871] Spectre V2 : Spectre v2 / SpectreRSB mitigation: Filling RSB on context switch
[    0.349924] Speculative Store Bypass: Vulnerable
[    0.352020] SRBDS: Unknown: Dependent on hypervisor status
[    0.354488] MDS: Mitigation: Clear CPU buffers
[    0.362057] Freeing SMP alternatives memory: 36K
[    0.395113] ftrace: allocating 32380 entries in 127 pages
[    0.541671] smpboot: APIC(0) Converting physical 0 to logical package 0
[    0.545269] smpboot: Max logical packages: 1
[    0.547072] x2apic enabled
[    0.548602] Switched APIC routing to physical x2apic.
[    0.551750] ..TIMER: vector=0x30 apic1=0 pin1=2 apic2=-1 pin2=-1
[    0.664813] smpboot: CPU0: Intel(R) Core(TM) i5-3427U CPU @ 1.80GHz (family: 0x6, model: 0x3a, stepping: 0x9)
[    0.669240] Performance Events: unsupported p6 CPU model 58 no PMU driver, software events only.
[    0.688994] KVM setup paravirtual spinlock
[    0.691358] x86: Booting SMP configuration:
[    0.693353] .... node  #0, CPUs:      #1
[    0.704748] kvm-clock: cpu 1, msr 0:3ffe3041, secondary cpu clock
[    0.707557] mce: CPU supports 0 MCE banks
[    0.720664] x86: Booted up 1 node, 2 CPUs
[    0.722698] smpboot: Total of 2 processors activated (9179.14 BogoMIPS)
[    0.726031] devtmpfs: initialized
[    0.729964] evm: security.selinux
[    0.731432] evm: security.SMACK64
[    0.732879] evm: security.SMACK64EXEC
[    0.734351] evm: security.SMACK64TRANSMUTE
[    0.736219] evm: security.SMACK64MMAP
[    0.739102] evm: security.ima
[    0.740252] evm: security.capability
[    0.742584] clocksource: jiffies: mask: 0xffffffff max_cycles: 0xffffffff, max_idle_ns: 7645041785100000 ns
[    0.749305] futex hash table entries: 512 (order: 3, 32768 bytes)
[    0.752338] pinctrl core: initialized pinctrl subsystem
[    0.754704] RTC time: 18:20:49, date: 05/27/21
[    0.756917] NET: Registered protocol family 16
[    0.768193] cpuidle: using governor ladder
[    0.780681] cpuidle: using governor menu
[    0.783318] PCCT header not found.
[    0.785168] ACPI: bus type PCI registered
[    0.786969] acpiphp: ACPI Hot Plug PCI Controller Driver version: 0.5
[    0.789498] PCI: Using configuration type 1 for base access
[    0.807822] ACPI: Added _OSI(Module Device)
[    0.809748] ACPI: Added _OSI(Processor Device)
[    0.811399] ACPI: Added _OSI(3.0 _SCP Extensions)
[    0.814436] ACPI: Added _OSI(Processor Aggregator Device)
[    0.817477] ACPI: Executed 1 blocks of module-level executable AML code
[    0.822507] ACPI: Interpreter enabled
[    0.824679] ACPI: (supports S0 S5)
[    0.826068] ACPI: Using IOAPIC for interrupt routing
[    0.828831] PCI: Using host bridge windows from ACPI; if necessary, use "pci=nocrs" and report a bug
[    0.838084] ACPI: PCI Root Bridge [PCI0] (domain 0000 [bus 00-ff])
[    0.840246] acpi PNP0A03:00: _OSC: OS supports [ASPM ClockPM Segments MSI]
[    0.843303] acpi PNP0A03:00: _OSC: not requesting OS control; OS requires [ExtendedConfig ASPM ClockPM MSI]
[    0.847764] acpi PNP0A03:00: fail to add MMCONFIG information, can't access extended PCI configuration space under this bridge.
[    0.852490] PCI host bridge to bus 0000:00
[    0.853969] pci_bus 0000:00: root bus resource [io  0x0000-0x0cf7 window]
[    0.857404] pci_bus 0000:00: root bus resource [io  0x0d00-0xffff window]
[    0.860678] pci_bus 0000:00: root bus resource [mem 0x000a0000-0x000bffff window]
[    0.863533] pci_bus 0000:00: root bus resource [mem 0x40000000-0xfdffffff window]
[    0.867575] pci_bus 0000:00: root bus resource [bus 00-ff]
[    0.871694] pci 0000:00:01.1: legacy IDE quirk: reg 0x10: [io  0x01f0-0x01f7]
[    0.874291] pci 0000:00:01.1: legacy IDE quirk: reg 0x14: [io  0x03f6]
[    0.877650] pci 0000:00:01.1: legacy IDE quirk: reg 0x18: [io  0x0170-0x0177]
[    0.891860] pci 0000:00:01.1: legacy IDE quirk: reg 0x1c: [io  0x0376]
[    0.920788] pci 0000:00:07.0: quirk: [io  0x4000-0x403f] claimed by PIIX4 ACPI
[    0.923558] pci 0000:00:07.0: quirk: [io  0x4100-0x410f] claimed by PIIX4 SMB
[    0.997904] ACPI: PCI Interrupt Link [LNKA] (IRQs 5 9 10 *11)
[    1.016463] ACPI: PCI Interrupt Link [LNKB] (IRQs 5 9 *10 11)
[    1.033706] ACPI: PCI Interrupt Link [LNKC] (IRQs 5 *9 10 11)
[    1.041740] ACPI: PCI Interrupt Link [LNKD] (IRQs 5 9 10 *11)
[    1.069441] ACPI: Enabled 2 GPEs in block 00 to 07
[    1.087345] vgaarb: setting as boot device: PCI:0000:00:02.0
[    1.102063] vgaarb: device added: PCI:0000:00:02.0,decodes=io+mem,owns=io+mem,locks=none
[    1.173963] vgaarb: loaded
[    1.217616] vgaarb: bridge control possible 0000:00:02.0
[    1.237698] SCSI subsystem initialized
[    1.258616] ACPI: bus type USB registered
[    1.260206] usbcore: registered new interface driver usbfs
[    1.262813] usbcore: registered new interface driver hub
[    1.264860] usbcore: registered new device driver usb
[    1.280070] PCI: Using ACPI for IRQ routing
[    1.284025] NetLabel: Initializing
[    1.285620] NetLabel:  domain hash size = 128
[    1.288244] NetLabel:  protocols = UNLABELED CIPSOv4
[    1.290067] NetLabel:  unlabeled traffic allowed by default
[    1.292559] amd_nb: Cannot enumerate AMD northbridges
[    1.300767] clocksource: Switched to clocksource kvm-clock
[    1.312847] AppArmor: AppArmor Filesystem Enabled
[    1.314700] pnp: PnP ACPI init
[    1.319188] pnp: PnP ACPI: found 3 devices
[    1.327757] clocksource: acpi_pm: mask: 0xffffff max_cycles: 0xffffff, max_idle_ns: 2085701024 ns
[    1.331682] NET: Registered protocol family 2
[    1.333904] TCP established hash table entries: 8192 (order: 4, 65536 bytes)
[    1.338373] TCP bind hash table entries: 8192 (order: 5, 131072 bytes)
[    1.340684] TCP: Hash tables configured (established 8192 bind 8192)
[    1.343112] UDP hash table entries: 512 (order: 2, 16384 bytes)
[    1.346772] UDP-Lite hash table entries: 512 (order: 2, 16384 bytes)
[    1.349132] NET: Registered protocol family 1
[    1.350728] pci 0000:00:00.0: Limiting direct PCI/PCI transfers
[    1.353152] pci 0000:00:01.0: Activating ISA DMA hang workarounds
[    1.359112] Unpacking initramfs...
[    1.700258] Freeing initrd memory: 14884K
[    1.702232] RAPL PMU detected, API unit is 2^-32 Joules, 3 fixed counters 10737418240 ms ovfl timer
[    1.708415] hw unit of domain pp0-core 2^-0 Joules
[    1.710405] hw unit of domain package 2^-0 Joules
[    1.712206] hw unit of domain pp1-gpu 2^-0 Joules
[    1.715975] clocksource: tsc: mask: 0xffffffffffffffff max_cycles: 0x2113f7e44a7, max_idle_ns: 440795281465 ns
[    1.720250] platform rtc_cmos: registered platform RTC device (no PNP device found)
[    1.723115] Scanning for low memory corruption every 60 seconds
[    1.740442] audit: initializing netlink subsys (disabled)
[    1.746362] audit: type=2000 audit(1622139655.247:1): initialized
[    1.752976] Initialise system trusted keyring
[    1.765531] HugeTLB registered 2 MB page size, pre-allocated 0 pages
[    1.781622] zbud: loaded
[    1.787738] VFS: Disk quotas dquot_6.6.0
[    1.796426] VFS: Dquot-cache hash table entries: 512 (order 0, 4096 bytes)
[    1.801754] squashfs: version 4.0 (2009/01/31) Phillip Lougher
[    1.811138] fuse init (API version 7.23)
[    1.817611] Key type big_key registered
[    1.822752] Allocating IMA MOK and blacklist keyrings.
[    1.839186] Key type asymmetric registered
[    1.843824] Asymmetric key parser 'x509' registered
[    1.850977] Block layer SCSI generic (bsg) driver version 0.4 loaded (major 249)
[    1.859109] io scheduler noop registered
[    1.860836] io scheduler deadline registered (default)
[    1.862785] io scheduler cfq registered
[    1.864576] pci_hotplug: PCI Hot Plug PCI Core version: 0.5
[    1.867323] pciehp: PCI Express Hot Plug Controller Driver version: 0.4
[    1.870172] ACPI: AC Adapter [AC] (off-line)
[    1.872126] input: Power Button as /devices/LNXSYSTM:00/LNXPWRBN:00/input/input0
[    1.874805] ACPI: Power Button [PWRF]
[    1.878170] input: Sleep Button as /devices/LNXSYSTM:00/LNXSLPBN:00/input/input1
[    1.882488] ACPI: Sleep Button [SLPF]
[    1.886438] ACPI: Battery Slot [BAT0] (battery present)
[    1.888544] GHES: HEST is not enabled!
[    1.890189] Serial: 8250/16550 driver, 32 ports, IRQ sharing enabled
[    1.916553] 00:02: ttyS0 at I/O 0x3f8 (irq = 4, base_baud = 115200) is a 16550A
[    1.921363] Linux agpgart interface v0.103
[    1.927857] loop: module loaded
[    1.930291] scsi host0: ata_piix
[    1.932209] scsi host1: ata_piix
[    1.935521] ata1: PATA max UDMA/33 cmd 0x1f0 ctl 0x3f6 bmdma 0xd000 irq 14
[    1.937841] ata2: PATA max UDMA/33 cmd 0x170 ctl 0x376 bmdma 0xd008 irq 15
[    1.942168] libphy: Fixed MDIO Bus: probed
[    1.944554] tun: Universal TUN/TAP device driver, 1.6
[    1.946531] tun: (C) 1999-2004 Max Krasnyansky <maxk@qualcomm.com>
[    1.949657] PPP generic driver version 2.4.2
[    1.951689] ehci_hcd: USB 2.0 'Enhanced' Host Controller (EHCI) Driver
[    1.955992] ehci-pci: EHCI PCI platform driver
[    1.957610] ehci-platform: EHCI generic platform driver
[    1.961578] ohci_hcd: USB 1.1 'Open' Host Controller (OHCI) Driver
[    1.963863] ohci-pci: OHCI PCI platform driver
[    1.966373] ohci-platform: OHCI generic platform driver
[    1.969261] uhci_hcd: USB Universal Host Controller Interface driver
[    1.971740] i8042: PNP: PS/2 Controller [PNP0303:PS2K,PNP0f03:PS2M] at 0x60,0x64 irq 1,12
[    1.977354] serio: i8042 KBD port at 0x60,0x64 irq 1
[    1.979564] serio: i8042 AUX port at 0x60,0x64 irq 12
[    1.981717] mousedev: PS/2 mouse device common for all mice
[    1.985491] input: AT Translated Set 2 keyboard as /devices/platform/i8042/serio0/input/input2
[    1.989178] rtc_cmos rtc_cmos: rtc core: registered rtc_cmos as rtc0
[    1.989246] rtc_cmos rtc_cmos: alarms up to one day, 114 bytes nvram
[    1.989256] i2c /dev entries driver
[    1.989319] device-mapper: uevent: version 1.0.3
[    1.989378] device-mapper: ioctl: 4.34.0-ioctl (2015-10-28) initialised: dm-devel@redhat.com
[    1.989401] ledtrig-cpu: registered to indicate activity on CPUs
[    1.989714] NET: Registered protocol family 10
[    1.989873] NET: Registered protocol family 17
[    1.989884] Key type dns_resolver registered
[    1.990185] registered taskstats version 1
[    1.990198] Loading compiled-in X.509 certificates
[    1.990964] Loaded X.509 cert 'Build time autogenerated kernel key: cf00e047681d67edb2720680708b7d9498083038'
[    1.990986] zswap: loaded using pool lzo/zbud
[    1.993808] Key type trusted registered
[    2.008703] Key type encrypted registered
[    2.008713] AppArmor: AppArmor sha1 policy hashing enabled
[    2.008716] ima: No TPM chip found, activating TPM-bypass!
[    2.008725] ima: Allocated hash algorithm: sha1
[    2.008741] evm: HMAC attrs: 0x1
[    2.009212]   Magic number: 5:205:343
[    2.009231] tty tty60: hash matches
[    2.016164] rtc_cmos rtc_cmos: setting system clock to 2021-05-27 18:20:50 UTC (1622139650)
[    2.016284] BIOS EDD facility v0.16 2004-Jun-25, 0 devices found
[    2.016285] EDD information not available.
[    2.130252] Freeing unused kernel memory: 1492K
[    2.131980] Write protecting the kernel read-only data: 14336k
[    2.136674] Freeing unused kernel memory: 1584K
[    2.138807] Freeing unused kernel memory: 52K
Loading, please wait...
starting version 229
[    2.185616] random: systemd-udevd: uninitialized urandom read (16 bytes read, 3 bits of entropy available)
[    2.187053] random: udevadm: uninitialized urandom read (16 bytes read, 3 bits of entropy available)
[    2.187078] random: udevadm: uninitialized urandom read (16 bytes read, 3 bits of entropy available)
[    2.211746] random: systemd-udevd: uninitialized urandom read (16 bytes read, 3 bits of entropy available)
[    2.221132] random: systemd-udevd: uninitialized urandom read (16 bytes read, 3 bits of entropy available)
[    2.227837] random: systemd-udevd: uninitialized urandom read (16 bytes read, 3 bits of entropy available)
[    2.231147] random: udevadm: uninitialized urandom read (16 bytes read, 3 bits of entropy available)
[    2.231204] random: udevadm: uninitialized urandom read (16 bytes read, 3 bits of entropy available)
[    2.231396] random: udevadm: uninitialized urandom read (16 bytes read, 3 bits of entropy available)
[    2.231469] random: udevadm: uninitialized urandom read (16 bytes read, 3 bits of entropy available)
[    2.711441] e1000: Intel(R) PRO/1000 Network Driver - version 7.3.21-k8-NAPI
[    2.717892] e1000: Copyright (c) 1999-2006 Intel Corporation.
[    2.849650] Fusion MPT base driver 3.04.20
[    2.852270] Copyright (c) 1999-2008 LSI Corporation
[    3.029546] input: ImExPS/2 Generic Explorer Mouse as /devices/platform/i8042/serio1/input/input4
[    3.144682] Fusion MPT SPI Host driver 3.04.20
[    3.420239] AVX version of gcm_enc/dec engaged.
[    3.422014] AES CTR mode by8 optimization enabled
[    3.802235] e1000 0000:00:03.0 eth0: (PCI:33MHz:32-bit) 02:ed:98:3c:8e:82
[    3.813539] e1000 0000:00:03.0 eth0: Intel(R) PRO/1000 Network Connection
[    3.839468] mptbase: ioc0: Initiating bringup
[    4.700872] ioc0: LSI53C1030 A0: Capabilities={Initiator}
[    8.632728] scsi host2: ioc0: LSI53C1030 A0, FwRev=00000000h, Ports=1, MaxQ=256, IRQ=20
[   10.633522] scsi 2:0:0:0: Direct-Access     VBOX     HARDDISK         1.0  PQ: 0 ANSI: 5
[   10.638081] scsi target2:0:0: Beginning Domain Validation
[   10.641141] scsi target2:0:0: Domain Validation skipping write tests
[   10.644355] scsi target2:0:0: Ending Domain Validation
[   10.647516] scsi target2:0:0: asynchronous
[   10.673240] scsi 2:0:1:0: Direct-Access     VBOX     HARDDISK         1.0  PQ: 0 ANSI: 5
[   10.676210] scsi target2:0:1: Beginning Domain Validation
[   10.685202] scsi target2:0:1: Domain Validation skipping write tests
[   10.688182] scsi target2:0:1: Ending Domain Validation
[   10.692614] scsi target2:0:1: asynchronous
[   10.840606] sd 2:0:0:0: Attached scsi generic sg0 type 0
[   10.842919] sd 2:0:0:0: [sda] 83886080 512-byte logical blocks: (42.9 GB/40.0 GiB)
[   10.853368] sd 2:0:1:0: Attached scsi generic sg1 type 0
[   10.859444] sd 2:0:1:0: [sdb] 20480 512-byte logical blocks: (10.5 MB/10.0 MiB)
[   10.865948] sd 2:0:0:0: [sda] Write Protect is off
[   10.868387] sd 2:0:0:0: [sda] Incomplete mode parameter data
[   10.871062] sd 2:0:0:0: [sda] Assuming drive cache: write through
[   10.877504] sd 2:0:1:0: [sdb] Write Protect is off
[   10.880764] sd 2:0:1:0: [sdb] Incomplete mode parameter data
[   10.884069] sd 2:0:1:0: [sdb] Assuming drive cache: write through
[   10.894403]  sda: sda1
[   10.897714] sd 2:0:1:0: [sdb] Attached SCSI disk
[   10.903616] sd 2:0:0:0: [sda] Attached SCSI disk
[   11.263155] e1000 0000:00:08.0 eth1: (PCI:33MHz:32-bit) 08:00:27:4b:dc:28
[   11.267984] e1000 0000:00:08.0 eth1: Intel(R) PRO/1000 Network Connection
[   12.064200] e1000 0000:00:09.0 eth2: (PCI:33MHz:32-bit) 08:00:27:b9:1c:5a
[   12.069153] e1000 0000:00:09.0 eth2: Intel(R) PRO/1000 Network Connection
[   12.671135] e1000 0000:00:0a.0 eth3: (PCI:33MHz:32-bit) 08:00:27:2d:53:4d
[   12.681492] e1000 0000:00:0a.0 eth3: Intel(R) PRO/1000 Network Connection
[   13.290214] e1000 0000:00:10.0 eth4: (PCI:33MHz:32-bit) 08:00:27:1f:66:8c
[   13.300077] e1000 0000:00:10.0 eth4: Intel(R) PRO/1000 Network Connection
[   13.320663] e1000 0000:00:08.0 enp0s8: renamed from eth1
[   13.351675] e1000 0000:00:03.0 enp0s3: renamed from eth0
[   13.366399] e1000 0000:00:0a.0 enp0s10: renamed from eth3
[   13.384530] e1000 0000:00:09.0 enp0s9: renamed from eth2
[   13.401428] e1000 0000:00:10.0 enp0s16: renamed from eth4
Begin: Loading essential drivers ... [   15.015800] md: linear personality registered for level -1
[   15.057533] md: multipath personality registered for level -4
[   15.112750] md: raid0 personality registered for level 0
[   15.182674] md: raid1 personality registered for level 1
[   15.323260] raid6: sse2x1   gen()   718 MB/s
[   15.391672] raid6: sse2x1   xor()  3846 MB/s
[   15.459759] raid6: sse2x2   gen()  6841 MB/s
[   15.527292] raid6: sse2x2   xor()  4772 MB/s
[   15.595294] raid6: sse2x4   gen()  8034 MB/s
[   15.663685] raid6: sse2x4   xor()  5581 MB/s
[   15.665323] raid6: using algorithm sse2x4 gen() 8034 MB/s
[   15.668523] raid6: .... xor() 5581 MB/s, rmw enabled
[   15.672384] raid6: using ssse3x2 recovery algorithm
[   15.691105] xor: automatically using best checksumming function:
[   15.758055]    avx       : 13543.000 MB/sec
[   15.790439] async_tx: api initialized (async)
[   15.837985] md: raid6 personality registered for level 6
[   15.841359] md: raid5 personality registered for level 5
[   15.844101] md: raid4 personality registered for level 4
[   15.868135] md: raid10 personality registered for level 10
done.
Begin: Running /scripts/init-premount ... done.
Begin: Mounting root file system ... Begin: Running /scripts/local-top ... done.
Begin: Running /scripts/local-premount ... [   15.962434] Btrfs loaded
Scanning for Btrfs filesystems
done.
Warning: fsck not present, so skipping root file system
[   16.062519] EXT4-fs (sda1): INFO: recovery required on readonly filesystem
[   16.069748] EXT4-fs (sda1): write access will be enabled during recovery
[   16.128569] EXT4-fs (sda1): orphan cleanup on readonly fs
[   16.131121] EXT4-fs (sda1): 1 orphan inode deleted
[   16.134054] EXT4-fs (sda1): recovery complete
[   16.142220] EXT4-fs (sda1): mounted filesystem with ordered data mode. Opts: (null)
done.
Begin: Running /scripts/local-bottom ... done.
Begin: Running /scripts/init-bottom ... done.
[   16.558670] systemd[1]: systemd 229 running in system mode. (+PAM +AUDIT +SELINUX +IMA +APPARMOR +SMACK +SYSVINIT +UTMP +LIBCRYPTSETUP +GCRYPT +GNUTLS +ACL +XZ -LZ4 +SECCOMP +BLKID +ELFUTILS +KMOD -IDN)
[   16.577311] systemd[1]: Detected virtualization oracle.
[   16.585323] systemd[1]: Detected architecture x86-64.

Welcome to [1mUbuntu 16.04.7 LTS[0m!

[   16.602423] systemd[1]: Set hostname to <ubuntu-xenial>.
[   16.893564] systemd[1]: Started Forward Password Requests to Wall Directory Watch.
[[0;32m  OK  [0m] Started Forward Password Requests to Wall Directory Watch.
[   16.904625] systemd[1]: Listening on Device-mapper event daemon FIFOs.
[[0;32m  OK  [0m] Listening on Device-mapper event daemon FIFOs.
[   16.912679] systemd[1]: Listening on Journal Socket.
[[0;32m  OK  [0m] Listening on Journal Socket.
[   16.921081] systemd[1]: Listening on Journal Audit Socket.
[[0;32m  OK  [0m] Listening on Journal Audit Socket.
[   16.929616] systemd[1]: Created slice User and Session Slice.
[[0;32m  OK  [0m] Created slice User and Session Slice.
[   16.937936] systemd[1]: Listening on /dev/initctl Compatibility Named Pipe.
[[0;32m  OK  [0m] Listening on /dev/initctl Compatibility Named Pipe.
[   16.960397] systemd[1]: Listening on LVM2 metadata daemon socket.
[[0;32m  OK  [0m] Listening on LVM2 metadata daemon socket.
[   16.986410] systemd[1]: Listening on LVM2 poll daemon socket.
[[0;32m  OK  [0m] Listening on LVM2 poll daemon socket.
[   17.014727] systemd[1]: Listening on udev Kernel Socket.
[[0;32m  OK  [0m] Listening on udev Kernel Socket.
[   17.043844] systemd[1]: Reached target User and Group Name Lookups.
[[0;32m  OK  [0m] Reached target User and Group Name Lookups.
[   17.059279] systemd[1]: Listening on fsck to fsckd communication Socket.
[[0;32m  OK  [0m] Listening on fsck to fsckd communication Socket.
[   17.077025] systemd[1]: Created slice System Slice.
[[0;32m  OK  [0m] Created slice System Slice.
[   17.107399] systemd[1]: Mounting POSIX Message Queue File System...
[   17.110029] random: nonblocking pool is initialized
         Mounting POSIX Message Queue File System...
[   17.123368] systemd[1]: Starting Nameserver information manager...
         Starting Nameserver information manager...
[   17.135761] systemd[1]: Created slice system-serial\x2dgetty.slice.
[[0;32m  OK  [0m] Created slice system-serial\x2dgetty.slice.
[   17.148094] systemd[1]: Starting Monitoring of LVM2 mirrors, snapshots etc. using dmeventd or progress polling...
         Starting Monitoring of LVM2 mirrors... dmeventd or progress polling...
[   17.166805] systemd[1]: Starting File System Check on Root Device...
         Starting File System Check on Root Device...
[   17.182559] systemd[1]: Mounting Debug File System...
         Mounting Debug File System...
[   17.195915] systemd[1]: Starting Create list of required static device nodes for the current kernel...
         Starting Create list of required st... nodes for the current kernel...
[   17.216761] systemd[1]: Starting Uncomplicated firewall...
         Starting Uncomplicated firewall...
[   17.225884] systemd[1]: Reached target Encrypted Volumes.
[[0;32m  OK  [0m] Reached target Encrypted Volumes.
[   17.237506] systemd[1]: Starting Set console keymap...
         Starting Set console keymap...
[   17.253031] systemd[1]: Started Trigger resolvconf update for networkd DNS.
[[0;32m  OK  [0m] Started Trigger resolvconf update for networkd DNS.
[   17.264662] systemd[1]: Reached target Swap.
[[0;32m  OK  [0m] Reached target Swap.
[   17.287400] systemd[1]: Mounting Huge Pages File System...
         Mounting Huge Pages File System...
[   17.291856] systemd[1]: Listening on udev Control Socket.
[[0;32m  OK  [0m] Listening on udev Control Socket.
[   17.315358] systemd[1]: Listening on Syslog Socket.
[[0;32m  OK  [0m] Listening on Syslog Socket.
[   17.327753] systemd[1]: Starting Load Kernel Modules...
         Starting Load Kernel Modules...
[   17.335007] systemd[1]: Reached target Slices.
[[0;32m  OK  [0m] Reached target Slices.
[   17.342444] systemd[1]: Set up automount Arbitrary Executable File Formats File System Automount Point.
[[0;32m  OK  [0m] Set up automount Arbitrary Executab...ats File System Automount Point.
[   17.356286] systemd[1]: Listening on Journal Socket (/dev/log).
[[0;32m  OK  [0m] Listening on Journal Socket (/dev/log).
[   17.406173] systemd[1]: Starting Journal Service...
[   17.407577] Loading iSCSI transport class v2.0-870.
         Starting Journal Service...
[   17.420809] systemd[1]: Reached target System Time Synchronized.
[[0;32m  OK  [0m] Reached target System Time Synchronized.
[   17.439339] systemd[1]: Mounted POSIX Message Queue File System.
[[0;32m  OK  [0m] Mounted POSIX Message Queue File System.
[   17.448581] systemd[1]: Mounted Debug File System.
[[0;32m  OK  [0m] Mounted Debug File System.
[   17.460537] systemd[1]: Mounted Huge Pages File System.
[[0;32m  OK  [0m] Mounted Huge Pages File System.
[   17.480801] systemd[1]: Started File System Check on Root Device.
[[0;32m  OK  [0m] Started File System Check on Root Device.
[   17.517705] systemd[1]: Started Create list of required static device nodes for the current kernel.
[[0;32m  OK  [0m] Started Create list of required sta...ce nodes for the current kernel.
[   17.530603] systemd[1]: Started Uncomplicated firewall.
[[0;32m  OK  [0m] Started Uncomplicated firewall.
[   17.549105] systemd[1]: Started Set console keymap.
[[0;32m  OK  [0m] Started Set console keymap.
[   17.573803] systemd[1]: Started Nameserver information manager.
[[0;32m  OK  [0m] Started Nameserver information manager.
[   17.684568] systemd[1]: Started Journal Service.
[[0;32m  OK  [0m] Started Journal Service.
[   17.719898] iscsi: registered transport (tcp)
[[0;32m  OK  [0m] Started File System Check Daemon to report status.
[[0;32m  OK  [0m] Started LVM2 metadata daemon.
         Starting Create Static Device Nodes in /dev...
         Starting Remount Root and Kernel File Systems...
[   17.905559] EXT4-fs (sda1): re-mounted. Opts: (null)
[[0;32m  OK  [0m] Started Remount Root and Kernel File Systems.
         Starting udev Coldplug all Devices...
         Starting Flush Journal to Persistent Storage...
         Starting Load/Save Random Seed...
[   17.997758] systemd-journald[411]: Received request to flush runtime journal from PID 1
[[0;32m  OK  [0m] Started Load/Save Random Seed.
[[0;32m  OK  [0m] Started Flush Journal to Persistent Storage.
[[0;32m  OK  [0m] Started Create Static Device Nodes in /dev.
         Starting udev Kernel Device Manager...
[[0;32m  OK  [0m] Started udev Coldplug all Devices.
[[0;32m  OK  [0m] Started Monitoring of LVM2 mirrors,...ng dmeventd or progress polling.
[[0;32m  OK  [0m] Started udev Kernel Device Manager.
[[0;32m  OK  [0m] Started Dispatch Password Requests to Console Directory Watch.
[[0;32m  OK  [0m] Reached target Local File Systems (Pre).
[[0;32m  OK  [0m] Reached target Local File Systems.
         Starting Create Volatile Files and Directories...
         Starting Set console font and keymap...
         Starting Initial cloud-init job (pre-networking)...
         Starting Tell Plymouth To Write Out Runtime Data...
         Starting LSB: AppArmor initialization...
[[0;32m  OK  [0m] Started Tell Plymouth To Write Out Runtime Data.
[[0;32m  OK  [0m] Started Create Volatile Files and Directories.
         Starting Update UTMP about System Boot/Shutdown...
[[0;32m  OK  [0m] Started Update UTMP about System Boot/Shutdown.
[   18.786160] iscsi: registered transport (iser)
[[0;32m  OK  [0m] Started Load Kernel Modules.
         Mounting FUSE Control File System...
         Starting Apply Kernel Variables...
[[0;32m  OK  [0m] Mounted FUSE Control File System.
[[0;32m  OK  [0m] Started Apply Kernel Variables.
[[0;32m  OK  [0m] Started LSB: AppArmor initialization.
         Starting Load AppArmor profiles managed internally by snapd...
[[0;32m  OK  [0m] Started Load AppArmor profiles managed internally by snapd.
[[0;32m  OK  [0m] Found device /dev/ttyS0.
[[0;32m  OK  [0m] Found device 82540EM Gigabit Ethern...r (PRO/1000 MT Desktop Adapter).
[[0;32m  OK  [0m] Found device 82540EM Gigabit Ethern...r (PRO/1000 MT Desktop Adapter).
[[0;32m  OK  [0m] Started Set console font and keymap.
[[0;32m  OK  [0m] Created slice system-getty.slice.
[[0;32m  OK  [0m] Listening on Load/Save RF Kill Switch Status /dev/rfkill Watch.
[[0;32m  OK  [0m] Found device 82540EM Gigabit Ethern...r (PRO/1000 MT Desktop Adapter).
[[0;32m  OK  [0m] Found device 82540EM Gigabit Ethern...r (PRO/1000 MT Desktop Adapter).
[[0;32m  OK  [0m] Found device 82540EM Gigabit Ethern...r (PRO/1000 MT Desktop Adapter).
[   22.690678] cloud-init[492]: Cloud-init v. 21.1-19-gbad84ad4-0ubuntu1~16.04.2 running 'init-local' at Thu, 27 May 2021 18:21:10 +0000. Up 21.70 seconds.
[[0;32m  OK  [0m] Started Initial cloud-init job (pre-networking).
[[0;32m  OK  [0m] Reached target Network (Pre).
[[0;32m  OK  [0m] Started ifup for enp0s3.
[[0;32m  OK  [0m] Started ifup for enp0s9.
[[0;32m  OK  [0m] Started ifup for enp0s8.
[[0;32m  OK  [0m] Started ifup for enp0s10.
         Starting Raise network interfaces...
[[0;32m  OK  [0m] Started ifup for enp0s16.
[[0;1;31mFAILED[0m] Failed to start Raise network interfaces.
See 'systemctl status networking.service' for details.
[[0;32m  OK  [0m] Reached target Network.
         Starting Initial cloud-init job (metadata service crawler)...
[   25.729754] cloud-init[1527]: Cloud-init v. 21.1-19-gbad84ad4-0ubuntu1~16.04.2 running 'init' at Thu, 27 May 2021 18:21:14 +0000. Up 25.13 seconds.
[   25.740651] cloud-init[1527]: ci-info: +++++++++++++++++++++++++++++++++++++++Net device info+++++++++++++++++++++++++++++++++++++++
[   25.752566] cloud-init[1527]: ci-info: +---------+------+-----------------------------+---------------+--------+-------------------+
[   25.760211] cloud-init[1527]: ci-info: |  Device |  Up  |           Address           |      Mask     | Scope  |     Hw-Address    |
[   25.772756] cloud-init[1527]: ci-info: +---------+------+-----------------------------+---------------+--------+-------------------+
[   25.780252] cloud-init[1527]: ci-info: | enp0s10 | True |        192.168.1.235        | 255.255.255.0 | global | 08:00:27:2d:53:4d |
[   25.790991] cloud-init[1527]: ci-info: | enp0s10 | True | fe80::a00:27ff:fe2d:534d/64 |       .       |  link  | 08:00:27:2d:53:4d |
[   25.800685] cloud-init[1527]: ci-info: | enp0s16 | True |        192.168.1.235        | 255.255.255.0 | global | 08:00:27:1f:66:8c |
[   25.811094] cloud-init[1527]: ci-info: | enp0s16 | True | fe80::a00:27ff:fe1f:668c/64 |       .       |  link  | 08:00:27:1f:66:8c |
[   25.820850] cloud-init[1527]: ci-info: |  enp0s3 | True |          10.0.2.15          | 255.255.255.0 | global | 02:ed:98:3c:8e:82 |
[   25.833492] cloud-init[1527]: ci-info: |  enp0s3 | True |  fe80::ed:98ff:fe3c:8e82/64 |       .       |  link  | 02:ed:98:3c:8e:82 |
[   25.840556] cloud-init[1527]: ci-info: |  enp0s8 | True |        192.168.1.235        | 255.255.255.0 | global | 08:00:27:4b:dc:28 |
[   25.850799] cloud-init[1527]: ci-info: |  enp0s8 | True | fe80::a00:27ff:fe4b:dc28/64 |       .       |  link  | 08:00:27:4b:dc:28 |
[   25.860255] cloud-init[1527]: ci-info: |  enp0s9 | True |        192.168.1.235        | 255.255.255.0 | global | 08:00:27:b9:1c:5a |
[   25.869963] cloud-init[1527]: ci-info: |  enp0s9 | True | fe80::a00:27ff:feb9:1c5a/64 |       .       |  link  | 08:00:27:b9:1c:5a |
[   25.879601] cloud-init[1527]: ci-info: |    lo   | True |          127.0.0.1          |   255.0.0.0   |  host  |         .         |
[   25.890693] cloud-init[1527]: ci-info: |    lo   | True |           ::1/128           |       .       |  host  |         .         |
[   25.900410] cloud-init[1527]: ci-info: +---------+------+-----------------------------+---------------+--------+-------------------+
[   25.911104] cloud-init[1527]: ci-info: +++++++++++++++++++++++++++Route IPv4 info++++++++++++++++++++++++++++
[   25.920993] cloud-init[1527]: ci-info: +-------+-------------+----------+---------------+-----------+-------+
[   25.928737] cloud-init[1527]: ci-info: | Route | Destination | Gateway  |    Genmask    | Interface | Flags |
[   25.938664] cloud-init[1527]: ci-info: +-------+-------------+----------+---------------+-----------+-------+
[   25.948505] cloud-init[1527]: ci-info: |   0   |   0.0.0.0   | 10.0.2.2 |    0.0.0.0    |   enp0s3  |   UG  |
[   25.953943] [[0;32m  OK  [0m] Started Initial cloud-init job (metadata service crawler).
[[0;32m  OK  [0m] Reached target Network is Online.
cloud-init[1527]: ci-info: |   1   |   10.0.2.0  | 0.0.0.0  | 255.255.255.0 |   enp0s3  |   U   |
[   25.966809] cloud-init[1527]: ci-info: |   2   | 192.168.1.0 | 0.0.0.0  | 255.255.255.0 |   enp0s8  |   U   |
[   25.971546] cloud-init[1527]: ci-info: |   3   | 192.168.1.0 | 0.0.0.0  | 255.255.255.0 |  enp0s16  |   U   |
[   25.980664] cloud-init[1527]: ci-info: |   4   | 192.168.1.0 | 0.0.0.0  | 255.255.255.0 |   enp0s9  |   U   |         Starting iSCSI initiator daemon (iscsid)...
[[0;32m  OK  [0m] Reached target System Initialization.
[[0;32m  OK  [0m] Started Daily Cleanup of Temporary Directories.
[[0;32m  OK  [0m] Listening on ACPID Listen Socket.

[   26.004657] cloud-init[1527]: ci-info: |   5   | 192.168.1.0 | 0.0.0.0  | 255.255.255.0 |  enp0s10  |   U   |
[   26.010508] cloud-init[1527]: ci-info: +-------+-------------+----------+---------------+-----------+-------+
[   26.018701] cloud-init[1527]: ci-info: +++++++++++++++++++Route IPv6 info+++++++++++++++++++
[   26.021635] [[0;32m  OK  [0m] Started Daily apt download activities.
[[0;32m  OK  [0m] Listening on D-Bus System Message Bus Socket.
         Starting Socket activation for snappy daemon.
[[0;32m  OK  [0m] Started Message of the Day.
[[0;32m  OK  [0m] Listening on UUID daemon activation socket.
[[0;32m  OK  [0m] Started Daily apt upgrade and clean activities.
         Starting LXD - unix socket.
[[0;32m  OK  [0m] Reached target Timers.
cloud-init[[0;32m  OK  [0m] Started ACPI Events Check.
[1527]: ci-info: +-------+-------------+---------+-----------+-------+
[   26.053974] cloud-init[1527]: ci-info: | Route | Destination | Gateway | Interface | Flags |
[   26.059253] cloud-init[1527]: ci-info: +-------+-------------+---------+-----------+-------+[[0;32m  OK  [0m] Reached target Paths.
[[0;32m  OK  [0m] Reached target Cloud-config availability.

[   26.077212] cloud-init[1527]: ci-info: |   0   |  fe80::/64  |    ::   |   enp0s3  |   U   |
[   26.081971] cloud-init[1527]: ci-info: |   1   |  fe80::/64  |    ::   |   enp0s8  |   U   |
[[0;32m  OK  [0m] Listening on Socket activation for snappy daemon.
[[0;32m  OK  [0m] Listening on LXD - unix socket.
[   26.095930] cloud-init[[0;32m  OK  [0m] Reached target Sockets.
[[0;32m  OK  [0m] Reached target Basic System.
         Starting LSB: Record successful boot for GRUB...
         Starting LSB: MD monitoring daemon...
[1527]: [ci-info: |   2   |  fe80::/64  |    ::   |  enp0s16  |   U   |
[   26.164257] cloud-init[1527]: ci-info: |   3   |  fe80::/64  |    ::   |   enp0s9  |   U   |
[   26.164331] cloud-init[1527]: ci-info: |   4   |  fe80::/64  |    ::   |  enp0s10  |   U   |
[   26.164398] cloud-init[1527]: ci-info: |   10  |   ff00::/8  |    ::   |   enp0s3  |   U   |
[   26.164455] cloud-init[1527]: ci-info: |   11  |   ff00::/8  |    ::   |   enp0s8  |   U   |
[   26.164513] cloud-init[1527]: ci-info: |   12  |   ff00::/8  |    ::   |  enp0s16  |   U   |
[   26.164580] cloud-init[1527]: ci-info: |   13  |   ff00::/8  |    ::   |   enp0s9  |   U   |
[   26.164646] cloud-init[1527]: ci-info: |   14  |   ff00::/8  |    ::   |  enp0s10  |   U   |
[   26.164709] cloud-init[1527]: ci-info: +-------+-------------+---------+-----------+-------+
[0;32m  OK  [0m] Started FUSE filesystem for LXC.
         Starting System Logging Service...
[[0;32m  OK  [0m] Started ACPI event daemon.
[[0;32m  OK  [0m] Started Deferred execution scheduler.
         Starting OpenBSD Secure Shell server...
         Starting A high performance web server and a reverse proxy server...
         Starting /etc/rc.local Compatibility...
         Starting Accounts Service...
         Starting Login Service...
         Starting The PHP 7.0 FastCGI Process Manager...
         Starting LXD - container startup/shutdown...
         Starting Virtualbox guest utils...
[[0;32m  OK  [0m] Started D-Bus System Message Bus.
[[0;32m  OK  [0m] Started Regular background program processing daemon.
         Starting Snap Daemon...
[[0;32m  OK  [0m] Started System Logging Service.
[[0;32m  OK  [0m] Started iSCSI initiator daemon (iscsid).
[[0;32m  OK  [0m] Started /etc/rc.local Compatibility.
[[0;32m  OK  [0m] Started Login Service.
[[0;32m  OK  [0m] Started Unattended Upgrades Shutdown.
         Starting Login to default iSCSI targets...
[[0;32m  OK  [0m] Started LSB: Record successful boot for GRUB.
[[0;32m  OK  [0m] Started LSB: MD monitoring daemon.
[[0;32m  OK  [0m] Started OpenBSD Secure Shell server.
         Starting Authenticate and Authorize Users to Run Privileged Tasks...
[[0;32m  OK  [0m] Started Login to default iSCSI targets.
[[0;32m  OK  [0m] Reached target Remote File Systems (Pre).
         Mounting /vagrant...
[[0;1;31mFAILED[0m] Failed to mount /vagrant.
See 'systemctl status vagrant.mount' for details.
[[0;1;33mDEPEND[0m] Dependency failed for Remote File Systems.
         Starting LSB: Set the CPU Frequency Scaling governor to "ondemand"...
         Starting Permit User Sessions...
         Starting LSB: daemon to balance interrupts for SMP systems...
         Starting LSB: automatic crash report generation...
[[0;32m  OK  [0m] Started Permit User Sessions.
         Starting Hold until boot process finishes up...
         Starting Terminate Plymouth Boot Screen...
[[0;32m  OK  [0m] Started Terminate Plymouth Boot Screen.
[[0;32m  OK  [0m] Started Hold until boot process finishes up.
[[0;32m  OK  [0m] Started LXD - container startup/shutdown.
[[0;32m  OK  [0m] Started Getty on tty1.
[[0;32m  OK  [0m] Started Serial Getty on ttyS0.
[[0;32m  OK  [0m] Reached target Login Prompts.
         Starting Set console scheme...
[[0;32m  OK  [0m] Started A high performance web server and a reverse proxy server.
[[0;32m  OK  [0m] Started Authenticate and Authorize Users to Run Privileged Tasks.
[[0;32m  OK  [0m] Started Accounts Service.
[[0;32m  OK  [0m] Started LSB: Set the CPU Frequency Scaling governor to "ondemand".
[[0;32m  OK  [0m] Started Set console scheme.
[[0;32m  OK  [0m] Started LSB: daemon to balance interrupts for SMP systems.
[[0;32m  OK  [0m] Started LSB: automatic crash report generation.
[[0;32m  OK  [0m] Created slice User Slice of vagrant.
         Starting User Manager for UID 1000...
[[0;32m  OK  [0m] Started Session 1 of user vagrant.
[[0;32m  OK  [0m] Started Virtualbox guest utils.
[[0;32m  OK  [0m] Started User Manager for UID 1000.
[[0;32m  OK  [0m] Started The PHP 7.0 FastCGI Process Manager.
[[0;32m  OK  [0m] Started Snap Daemon.
         Starting Wait until snapd is fully seeded...
[[0;32m  OK  [0m] Started Wait until snapd is fully seeded.
         Starting Apply the settings specified in cloud-config...
[[0;32m  OK  [0m] Reached target Multi-User System.
[[0;32m  OK  [0m] Reached target Graphical Interface.
         Starting Update UTMP about System Runlevel Changes...
[[0;32m  OK  [0m] Started Update UTMP about System Runlevel Changes.
[   31.031596] cloud-init[1843]: Cloud-init v. 21.1-19-gbad84ad4-0ubuntu1~16.04.2 running 'modules:config' at Thu, 27 May 2021 18:21:19 +0000. Up 30.74 seconds.
[[0;32m  OK  [0m] Started Apply the settings specified in cloud-config.
         Starting Execute cloud user/final scripts...
[   33.140333] cloud-init[1904]: Cloud-init v. 21.1-19-gbad84ad4-0ubuntu1~16.04.2 running 'modules:final' at Thu, 27 May 2021 18:21:21 +0000. Up 32.65 seconds.
[   33.140611] cloud-init[1904]: Cloud-init v. 21.1-19-gbad84ad4-0ubuntu1~16.04.2 finished at Thu, 27 May 2021 18:21:22 +0000. Datasource DataSourceNoCloud [seed=/dev/sdb][dsmode=net].  Up 33.11 seconds

Ubuntu 16.04.7 LTS ubuntu-xenial ttyS0

ubuntu-xenial login: 